INFO 2025-08-27 10:52:43,878 autoreload 87752 8544526528 Watching for file changes with StatReloader
WARNING 2025-08-27 10:52:56,838 log 87752 6199750656 Forbidden: /api/
WARNING 2025-08-27 10:52:56,838 basehttp 87752 6199750656 "GET /api/ HTTP/1.1" 403 58
INFO 2025-08-27 10:54:28,285 basehttp 87752 6199750656 "GET /admin/login/ HTTP/1.1" 200 4147
INFO 2025-08-27 10:54:28,423 basehttp 87752 6199750656 "POST /admin/login/ HTTP/1.1" 302 0
WARNING 2025-08-27 10:54:28,426 log 87752 6199750656 Not Found: /accounts/profile/
WARNING 2025-08-27 10:54:28,426 basehttp 87752 6199750656 "GET /accounts/profile/ HTTP/1.1" 404 2913
INFO 2025-08-27 10:54:35,432 basehttp 87752 6199750656 "GET /admin/ HTTP/1.1" 302 0
INFO 2025-08-27 10:54:43,869 autoreload 89765 8544526528 Watching for file changes with StatReloader
INFO 2025-08-27 10:54:55,982 basehttp 87752 6199750656 "GET /admin/ HTTP/1.1" 302 0
INFO 2025-08-27 10:55:03,083 basehttp 87752 6199750656 "GET /admin/ HTTP/1.1" 302 0
WARNING 2025-08-27 10:55:10,054 log 87752 6199750656 Forbidden: /api/
WARNING 2025-08-27 10:55:10,055 basehttp 87752 6199750656 "GET /api/ HTTP/1.1" 403 58
WARNING 2025-08-27 10:55:34,921 log 87752 6199750656 Forbidden: /api/
WARNING 2025-08-27 10:55:34,921 basehttp 87752 6199750656 "GET /api/ HTTP/1.1" 403 58
WARNING 2025-08-27 10:55:34,923 log 87752 6216577024 Forbidden: /api/docs/
WARNING 2025-08-27 10:55:34,923 basehttp 87752 6216577024 "GET /api/docs/ HTTP/1.1" 403 58
INFO 2025-08-27 10:55:34,925 basehttp 87752 6199750656 "GET /admin/ HTTP/1.1" 302 0
INFO 2025-08-27 10:55:34,928 basehttp 87752 6199750656 "GET /admin/login/?next=/admin/ HTTP/1.1" 200 4160
INFO 2025-08-27 10:56:33,876 autoreload 87752 8544526528 /Users/georgeminyillah/AllProjects/group-one-license-service/license_service/license_service/settings.py changed, reloading.
INFO 2025-08-27 10:56:34,250 autoreload 91650 8544526528 Watching for file changes with StatReloader
INFO 2025-08-27 10:57:20,484 autoreload 91650 8544526528 /Users/georgeminyillah/AllProjects/group-one-license-service/license_service/licenses/models.py changed, reloading.
INFO 2025-08-27 10:57:20,834 autoreload 92270 8544526528 Watching for file changes with StatReloader
WARNING 2025-08-27 11:11:24,237 log 92270 6169915392 Not Found: /
WARNING 2025-08-27 11:11:24,238 basehttp 92270 6169915392 "GET / HTTP/1.1" 404 2844
WARNING 2025-08-27 11:11:24,420 log 92270 6169915392 Not Found: /favicon.ico
WARNING 2025-08-27 11:11:24,420 basehttp 92270 6169915392 "GET /favicon.ico HTTP/1.1" 404 2895
INFO 2025-08-27 11:11:32,566 basehttp 92270 6169915392 "GET /api HTTP/1.1" 301 0
WARNING 2025-08-27 11:11:32,587 log 92270 6169915392 Forbidden: /api/
WARNING 2025-08-27 11:11:32,587 basehttp 92270 6169915392 "GET /api/ HTTP/1.1" 403 4916
INFO 2025-08-27 11:11:32,625 basehttp 92270 6220394496 "GET /static/rest_framework/css/default.css HTTP/1.1" 200 1152
INFO 2025-08-27 11:11:32,625 basehttp 92270 6186741760 "GET /static/rest_framework/css/bootstrap-tweaks.css HTTP/1.1" 200 3385
INFO 2025-08-27 11:11:32,625 basehttp 92270 6203568128 "GET /static/rest_framework/css/prettify.css HTTP/1.1" 200 817
INFO 2025-08-27 11:11:32,626 basehttp 92270 6254047232 "GET /static/rest_framework/js/ajax-form.js HTTP/1.1" 200 3597
INFO 2025-08-27 11:11:32,627 basehttp 92270 6203568128 "GET /static/rest_framework/js/default.js HTTP/1.1" 200 1268
INFO 2025-08-27 11:11:32,627 basehttp 92270 6220394496 "GET /static/rest_framework/js/csrf.js HTTP/1.1" 200 1719
INFO 2025-08-27 11:11:32,628 basehttp 92270 6186741760 "GET /static/rest_framework/js/prettify-min.js HTTP/1.1" 200 13632
INFO 2025-08-27 11:11:32,629 basehttp 92270 6254047232 "GET /static/rest_framework/js/bootstrap.min.js HTTP/1.1" 200 39680
INFO 2025-08-27 11:11:32,629 basehttp 92270 6237220864 "GET /static/rest_framework/js/jquery-3.5.1.min.js HTTP/1.1" 200 89476
INFO 2025-08-27 11:11:32,629 basehttp 92270 6169915392 "GET /static/rest_framework/css/bootstrap.min.css HTTP/1.1" 200 121457
INFO 2025-08-27 11:11:32,632 basehttp 92270 6169915392 "GET /static/rest_framework/img/grid.png HTTP/1.1" 200 1458
WARNING 2025-08-27 11:11:36,278 log 92270 6169915392 Forbidden: /api/
WARNING 2025-08-27 11:11:36,278 basehttp 92270 6169915392 "GET /api/ HTTP/1.1" 403 4916
INFO 2025-08-27 11:11:44,031 basehttp 92270 6169915392 "GET /api/docs HTTP/1.1" 301 0
WARNING 2025-08-27 11:11:44,041 log 92270 6169915392 Forbidden: /api/docs/
WARNING 2025-08-27 11:11:44,042 basehttp 92270 6169915392 "GET /api/docs/ HTTP/1.1" 403 5026
WARNING 2025-08-27 11:12:02,559 log 92270 6169915392 Not Found: /api/docs/
WARNING 2025-08-27 11:12:02,560 basehttp 92270 6169915392 "GET /api/docs/?format=api HTTP/1.1" 404 5086
WARNING 2025-08-27 11:12:06,153 log 92270 6169915392 Forbidden: /api/
WARNING 2025-08-27 11:12:06,154 basehttp 92270 6169915392 "GET /api/?format=api HTTP/1.1" 403 4949
INFO 2025-08-27 11:13:41,160 autoreload 92270 8544526528 /Users/georgeminyillah/AllProjects/group-one-license-service/license_service/license_service/settings.py changed, reloading.
INFO 2025-08-27 11:13:41,502 autoreload 3712 8544526528 Watching for file changes with StatReloader
INFO 2025-08-27 11:13:43,645 autoreload 3712 8544526528 /Users/georgeminyillah/AllProjects/group-one-license-service/license_service/license_service/settings.py changed, reloading.
INFO 2025-08-27 11:13:43,871 autoreload 3717 8544526528 Watching for file changes with StatReloader
INFO 2025-08-27 11:13:44,987 autoreload 3717 8544526528 /Users/georgeminyillah/AllProjects/group-one-license-service/license_service/license_service/settings.py changed, reloading.
INFO 2025-08-27 11:13:45,184 autoreload 3719 8544526528 Watching for file changes with StatReloader
INFO 2025-08-27 11:13:47,323 autoreload 3719 8544526528 /Users/georgeminyillah/AllProjects/group-one-license-service/license_service/license_service/settings.py changed, reloading.
INFO 2025-08-27 11:22:47,309 autoreload 10546 8544526528 Watching for file changes with StatReloader
INFO 2025-08-27 11:23:08,268 basehttp 10546 6156775424 "GET /admin/ HTTP/1.1" 302 0
INFO 2025-08-27 11:23:08,284 basehttp 10546 6156775424 "GET /admin/login/?next=/admin/ HTTP/1.1" 200 4160
INFO 2025-08-27 11:23:08,390 basehttp 10546 6173601792 "GET /static/admin/css/dark_mode.css HTTP/1.1" 200 2804
INFO 2025-08-27 11:23:08,390 basehttp 10546 6190428160 "GET /static/admin/css/nav_sidebar.css HTTP/1.1" 200 2810
INFO 2025-08-27 11:23:08,390 basehttp 10546 6224080896 "GET /static/admin/css/responsive.css HTTP/1.1" 200 17972
INFO 2025-08-27 11:23:08,390 basehttp 10546 6207254528 "GET /static/admin/css/login.css HTTP/1.1" 200 951
INFO 2025-08-27 11:23:08,391 basehttp 10546 6240907264 "GET /static/admin/js/theme.js HTTP/1.1" 200 1653
INFO 2025-08-27 11:23:08,391 basehttp 10546 6156775424 "GET /static/admin/css/base.css HTTP/1.1" 200 22092
INFO 2025-08-27 11:23:08,397 basehttp 10546 6224080896 "GET /static/admin/js/nav_sidebar.js HTTP/1.1" 200 3063
INFO 2025-08-27 11:23:31,594 basehttp 10546 6156775424 "POST /admin/login/?next=/admin/ HTTP/1.1" 302 0
INFO 2025-08-27 11:23:31,608 basehttp 10546 6156775424 "GET /admin/ HTTP/1.1" 200 9406
INFO 2025-08-27 11:23:31,630 basehttp 10546 6156775424 "GET /static/admin/css/dashboard.css HTTP/1.1" 200 441
INFO 2025-08-27 11:23:31,635 basehttp 10546 6173601792 "GET /static/admin/img/icon-changelink.svg HTTP/1.1" 200 380
INFO 2025-08-27 11:23:31,635 basehttp 10546 6156775424 "GET /static/admin/img/icon-addlink.svg HTTP/1.1" 200 331
INFO 2025-08-27 11:23:35,367 basehttp 10546 6156775424 "GET /admin/users/user/ HTTP/1.1" 200 15785
INFO 2025-08-27 11:23:35,399 basehttp 10546 6156775424 "GET /static/admin/css/changelists.css HTTP/1.1" 200 6878
INFO 2025-08-27 11:23:35,403 basehttp 10546 6207254528 "GET /static/admin/js/jquery.init.js HTTP/1.1" 200 347
INFO 2025-08-27 11:23:35,403 basehttp 10546 6224080896 "GET /static/admin/js/core.js HTTP/1.1" 200 6208
INFO 2025-08-27 11:23:35,403 basehttp 10546 6240907264 "GET /static/admin/js/admin/RelatedObjectLookups.js HTTP/1.1" 200 9097
INFO 2025-08-27 11:23:35,403 basehttp 10546 6156775424 "GET /static/admin/js/actions.js HTTP/1.1" 200 8076
INFO 2025-08-27 11:23:35,405 basehttp 10546 6224080896 "GET /static/admin/js/prepopulate.js HTTP/1.1" 200 1531
INFO 2025-08-27 11:23:35,406 basehttp 10546 6207254528 "GET /static/admin/js/urlify.js HTTP/1.1" 200 7887
INFO 2025-08-27 11:23:35,408 basehttp 10546 6190428160 "GET /static/admin/js/vendor/jquery/jquery.js HTTP/1.1" 200 285314
INFO 2025-08-27 11:23:35,414 basehttp 10546 6190428160 "GET /static/admin/img/search.svg HTTP/1.1" 200 458
INFO 2025-08-27 11:23:35,415 basehttp 10546 6207254528 "GET /static/admin/img/icon-no.svg HTTP/1.1" 200 560
INFO 2025-08-27 11:23:35,416 basehttp 10546 6173601792 "GET /admin/jsi18n/ HTTP/1.1" 200 3342
INFO 2025-08-27 11:23:35,418 basehttp 10546 6240907264 "GET /static/admin/js/vendor/xregexp/xregexp.js HTTP/1.1" 200 325171
INFO 2025-08-27 11:23:35,418 basehttp 10546 6207254528 "GET /static/admin/img/icon-yes.svg HTTP/1.1" 200 436
INFO 2025-08-27 11:23:35,421 basehttp 10546 6240907264 "GET /static/admin/js/filters.js HTTP/1.1" 200 978
INFO 2025-08-27 11:23:35,428 basehttp 10546 6240907264 "GET /static/admin/img/tooltag-add.svg HTTP/1.1" 200 331
INFO 2025-08-27 11:23:35,428 basehttp 10546 6173601792 "GET /static/admin/img/icon-viewlink.svg HTTP/1.1" 200 581
INFO 2025-08-27 11:23:35,428 basehttp 10546 6207254528 "GET /static/admin/img/sorting-icons.svg HTTP/1.1" 200 1097
INFO 2025-08-27 11:27:05,335 basehttp 10546 6156775424 "GET /admin/licenses/licensekey/ HTTP/1.1" 200 11635
INFO 2025-08-27 11:27:05,371 basehttp 10546 6190428160 "GET /static/admin/css/dark_mode.css HTTP/1.1" 304 0
INFO 2025-08-27 11:27:05,371 basehttp 10546 6173601792 "GET /static/admin/css/base.css HTTP/1.1" 304 0
INFO 2025-08-27 11:27:05,372 basehttp 10546 6207254528 "GET /static/admin/css/nav_sidebar.css HTTP/1.1" 304 0
INFO 2025-08-27 11:27:05,375 basehttp 10546 6224080896 "GET /static/admin/css/changelists.css HTTP/1.1" 304 0
INFO 2025-08-27 11:27:05,378 basehttp 10546 6190428160 "GET /static/admin/js/vendor/jquery/jquery.js HTTP/1.1" 304 0
INFO 2025-08-27 11:27:05,379 basehttp 10546 6240907264 "GET /static/admin/css/responsive.css HTTP/1.1" 304 0
INFO 2025-08-27 11:27:05,379 basehttp 10546 6173601792 "GET /static/admin/js/theme.js HTTP/1.1" 304 0
INFO 2025-08-27 11:27:05,380 basehttp 10546 6224080896 "GET /static/admin/js/core.js HTTP/1.1" 304 0
INFO 2025-08-27 11:27:05,380 basehttp 10546 6207254528 "GET /static/admin/js/jquery.init.js HTTP/1.1" 304 0
INFO 2025-08-27 11:27:05,383 basehttp 10546 6240907264 "GET /static/admin/js/actions.js HTTP/1.1" 304 0
INFO 2025-08-27 11:27:05,383 basehttp 10546 6224080896 "GET /static/admin/js/prepopulate.js HTTP/1.1" 304 0
INFO 2025-08-27 11:27:05,383 basehttp 10546 6173601792 "GET /static/admin/js/urlify.js HTTP/1.1" 304 0
INFO 2025-08-27 11:27:05,383 basehttp 10546 6190428160 "GET /static/admin/js/admin/RelatedObjectLookups.js HTTP/1.1" 304 0
INFO 2025-08-27 11:27:05,384 basehttp 10546 6207254528 "GET /static/admin/js/vendor/xregexp/xregexp.js HTTP/1.1" 304 0
INFO 2025-08-27 11:27:05,384 basehttp 10546 6156775424 "GET /admin/jsi18n/ HTTP/1.1" 200 3342
INFO 2025-08-27 11:27:05,385 basehttp 10546 6156775424 "GET /static/admin/img/search.svg HTTP/1.1" 304 0
INFO 2025-08-27 11:27:05,385 basehttp 10546 6207254528 "GET /static/admin/js/nav_sidebar.js HTTP/1.1" 304 0
INFO 2025-08-27 11:27:05,396 basehttp 10546 6207254528 "GET /static/admin/js/filters.js HTTP/1.1" 304 0
INFO 2025-08-27 11:27:05,397 basehttp 10546 6207254528 "GET /static/admin/img/icon-addlink.svg HTTP/1.1" 304 0
INFO 2025-08-27 11:27:05,397 basehttp 10546 6173601792 "GET /static/admin/img/icon-viewlink.svg HTTP/1.1" 304 0
INFO 2025-08-27 11:27:05,397 basehttp 10546 6156775424 "GET /static/admin/img/tooltag-add.svg HTTP/1.1" 304 0
INFO 2025-08-27 11:27:06,875 basehttp 10546 6156775424 "GET /admin/licenses/brand/ HTTP/1.1" 200 11595
INFO 2025-08-27 11:27:06,906 basehttp 10546 6156775424 "GET /admin/jsi18n/ HTTP/1.1" 200 3342
INFO 2025-08-27 11:27:08,071 basehttp 10546 6156775424 "GET /admin/licenses/activation/ HTTP/1.1" 200 11835
INFO 2025-08-27 11:27:08,105 basehttp 10546 6156775424 "GET /admin/jsi18n/ HTTP/1.1" 200 3342
INFO 2025-08-27 11:27:09,655 basehttp 10546 6156775424 "GET /admin/licenses/product/ HTTP/1.1" 200 11609
INFO 2025-08-27 11:27:09,694 basehttp 10546 6156775424 "GET /admin/jsi18n/ HTTP/1.1" 200 3342
INFO 2025-08-27 11:27:11,611 basehttp 10546 6156775424 "GET /admin/licenses/product/add/ HTTP/1.1" 200 15369
INFO 2025-08-27 11:27:11,642 basehttp 10546 6156775424 "GET /static/admin/css/forms.css HTTP/1.1" 200 8794
INFO 2025-08-27 11:27:11,644 basehttp 10546 6190428160 "GET /static/admin/js/prepopulate_init.js HTTP/1.1" 200 586
INFO 2025-08-27 11:27:11,646 basehttp 10546 6190428160 "GET /static/admin/css/widgets.css HTTP/1.1" 200 11564
INFO 2025-08-27 11:27:11,653 basehttp 10546 6190428160 "GET /static/admin/img/icon-changelink.svg HTTP/1.1" 304 0
INFO 2025-08-27 11:27:11,653 basehttp 10546 6173601792 "GET /admin/jsi18n/ HTTP/1.1" 200 3342
INFO 2025-08-27 11:27:11,657 basehttp 10546 6173601792 "GET /static/admin/js/change_form.js HTTP/1.1" 200 606
WARNING 2025-08-27 11:27:17,252 log 10546 6156775424 Not Found: /
WARNING 2025-08-27 11:27:17,252 basehttp 10546 6156775424 "GET / HTTP/1.1" 404 2844
ERROR 2025-08-27 11:27:23,879 log 10546 6156775424 Internal Server Error: /api/docs/
Traceback (most recent call last):
  File "/Users/georgeminyillah/AllProjects/group-one-license-service/license_service/venv/lib/python3.11/site-packages/django/core/handlers/exception.py", line 55, in inner
    response = get_response(request)
               ^^^^^^^^^^^^^^^^^^^^^
  File "/Users/georgeminyillah/AllProjects/group-one-license-service/license_service/venv/lib/python3.11/site-packages/django/core/handlers/base.py", line 197, in _get_response
    response = wrapped_callback(request, *callback_args, **callback_kwargs)
               ^^^^^^^^^^^^^^^^^^^^^^^^^^^^^^^^^^^^^^^^^^^^^^^^^^^^^^^^^^^^
  File "/Users/georgeminyillah/AllProjects/group-one-license-service/license_service/venv/lib/python3.11/site-packages/django/views/decorators/csrf.py", line 65, in _view_wrapper
    return view_func(request, *args, **kwargs)
           ^^^^^^^^^^^^^^^^^^^^^^^^^^^^^^^^^^^
  File "/Users/georgeminyillah/AllProjects/group-one-license-service/license_service/venv/lib/python3.11/site-packages/django/views/generic/base.py", line 104, in view
    return self.dispatch(request, *args, **kwargs)
           ^^^^^^^^^^^^^^^^^^^^^^^^^^^^^^^^^^^^^^^
  File "/Users/georgeminyillah/AllProjects/group-one-license-service/license_service/venv/lib/python3.11/site-packages/rest_framework/views.py", line 509, in dispatch
    response = self.handle_exception(exc)
               ^^^^^^^^^^^^^^^^^^^^^^^^^^
  File "/Users/georgeminyillah/AllProjects/group-one-license-service/license_service/venv/lib/python3.11/site-packages/rest_framework/schemas/views.py", line 48, in handle_exception
    return super().handle_exception(exc)
           ^^^^^^^^^^^^^^^^^^^^^^^^^^^^^
  File "/Users/georgeminyillah/AllProjects/group-one-license-service/license_service/venv/lib/python3.11/site-packages/rest_framework/views.py", line 469, in handle_exception
    self.raise_uncaught_exception(exc)
  File "/Users/georgeminyillah/AllProjects/group-one-license-service/license_service/venv/lib/python3.11/site-packages/rest_framework/views.py", line 480, in raise_uncaught_exception
    raise exc
  File "/Users/georgeminyillah/AllProjects/group-one-license-service/license_service/venv/lib/python3.11/site-packages/rest_framework/views.py", line 506, in dispatch
    response = handler(request, *args, **kwargs)
               ^^^^^^^^^^^^^^^^^^^^^^^^^^^^^^^^^
  File "/Users/georgeminyillah/AllProjects/group-one-license-service/license_service/venv/lib/python3.11/site-packages/rest_framework/schemas/views.py", line 37, in get
    schema = self.schema_generator.get_schema(request, self.public)
             ^^^^^^^^^^^^^^^^^^^^^^^^^^^^^^^^^^^^^^^^^^^^^^^^^^^^^^
  File "/Users/georgeminyillah/AllProjects/group-one-license-service/license_service/venv/lib/python3.11/site-packages/rest_framework/schemas/coreapi.py", line 156, in get_schema
    links = self.get_links(None if public else request)
            ^^^^^^^^^^^^^^^^^^^^^^^^^^^^^^^^^^^^^^^^^^^
  File "/Users/georgeminyillah/AllProjects/group-one-license-service/license_service/venv/lib/python3.11/site-packages/rest_framework/schemas/coreapi.py", line 143, in get_links
    link = view.schema.get_link(path, method, base_url=self.url)
           ^^^^^^^^^^^^^^^^^^^^
AttributeError: 'AutoSchema' object has no attribute 'get_link'
ERROR 2025-08-27 11:27:23,881 basehttp 10546 6156775424 "GET /api/docs/ HTTP/1.1" 500 114905
INFO 2025-08-27 11:29:03,333 autoreload 10546 8544526528 /Users/georgeminyillah/AllProjects/group-one-license-service/license_service/license_service/settings.py changed, reloading.
INFO 2025-08-27 11:29:03,694 autoreload 14882 8544526528 Watching for file changes with StatReloader
INFO 2025-08-27 11:29:06,866 autoreload 14882 8544526528 /Users/georgeminyillah/AllProjects/group-one-license-service/license_service/license_service/settings.py changed, reloading.
INFO 2025-08-27 11:29:07,091 autoreload 14892 8544526528 Watching for file changes with StatReloader
INFO 2025-08-27 11:29:19,388 autoreload 14892 8544526528 /Users/georgeminyillah/AllProjects/group-one-license-service/license_service/license_service/settings.py changed, reloading.
INFO 2025-08-27 11:29:19,831 autoreload 15021 8544526528 Watching for file changes with StatReloader
INFO 2025-08-27 11:29:23,435 basehttp 15021 6131478528 "GET /api/docs/ HTTP/1.1" 200 245507
INFO 2025-08-27 11:29:23,474 basehttp 15021 6181957632 "GET /static/rest_framework/docs/css/jquery.json-view.min.css HTTP/1.1" 200 1307
INFO 2025-08-27 11:29:23,484 basehttp 15021 6165131264 "GET /static/rest_framework/docs/css/base.css HTTP/1.1" 200 6156
INFO 2025-08-27 11:29:23,484 basehttp 15021 6181957632 "GET /static/rest_framework/css/bootstrap.min.css HTTP/1.1" 304 0
INFO 2025-08-27 11:29:23,490 basehttp 15021 6131478528 "GET /static/rest_framework/css/bootstrap-theme.min.css HTTP/1.1" 200 23411
INFO 2025-08-27 11:29:23,490 basehttp 15021 6148304896 "GET /static/rest_framework/css/font-awesome-4.0.3.css HTTP/1.1" 200 21658
INFO 2025-08-27 11:29:23,492 basehttp 15021 6181957632 "GET /static/rest_framework/js/jquery-3.5.1.min.js HTTP/1.1" 304 0
INFO 2025-08-27 11:29:23,492 basehttp 15021 6148304896 "GET /static/rest_framework/js/bootstrap.min.js HTTP/1.1" 304 0
INFO 2025-08-27 11:29:23,493 basehttp 15021 6215610368 "GET /api/docs/schema.js HTTP/1.1" 200 35264
INFO 2025-08-27 11:29:23,493 basehttp 15021 6165131264 "GET /static/rest_framework/docs/js/jquery.json-view.min.js HTTP/1.1" 200 2700
INFO 2025-08-27 11:29:23,493 basehttp 15021 6131478528 "GET /static/rest_framework/docs/js/api.js HTTP/1.1" 200 10391
INFO 2025-08-27 11:29:23,494 basehttp 15021 6198784000 "GET /static/rest_framework/js/coreapi-0.1.1.js HTTP/1.1" 200 157600
INFO 2025-08-27 11:29:23,564 basehttp 15021 6198784000 "GET /static/rest_framework/fonts/fontawesome-webfont.woff?v=4.0.3 HTTP/1.1" 200 44432
INFO 2025-08-27 11:29:23,646 basehttp 15021 6198784000 "GET /static/rest_framework/docs/img/favicon.ico HTTP/1.1" 200 5430
INFO 2025-08-27 11:31:06,698 basehttp 15021 6130905088 "GET /api/docs/ HTTP/1.1" 200 245507
INFO 2025-08-27 11:31:06,745 basehttp 15021 6130905088 "GET /api/docs/schema.js HTTP/1.1" 200 35264
INFO 2025-08-28 00:38:22,345 autoreload 15021 8544526528 /Users/georgeminyillah/AllProjects/group-one-license-service/license_service/license_service/settings.py changed, reloading.
INFO 2025-08-28 00:38:22,805 autoreload 18168 8544526528 Watching for file changes with StatReloader
INFO 2025-08-28 00:38:30,049 autoreload 18168 8544526528 /Users/georgeminyillah/AllProjects/group-one-license-service/license_service/license_service/settings.py changed, reloading.
INFO 2025-08-28 00:38:30,378 autoreload 18295 8544526528 Watching for file changes with StatReloader
INFO 2025-08-28 00:38:36,595 autoreload 18295 8544526528 /Users/georgeminyillah/AllProjects/group-one-license-service/license_service/license_service/settings.py changed, reloading.
INFO 2025-08-28 00:38:36,818 autoreload 18416 8544526528 Watching for file changes with StatReloader
INFO 2025-08-28 00:38:44,055 autoreload 18416 8544526528 /Users/georgeminyillah/AllProjects/group-one-license-service/license_service/license_service/settings.py changed, reloading.
INFO 2025-08-28 00:38:44,265 autoreload 18433 8544526528 Watching for file changes with StatReloader
INFO 2025-08-28 00:38:50,496 autoreload 18433 8544526528 /Users/georgeminyillah/AllProjects/group-one-license-service/license_service/license_service/settings.py changed, reloading.
INFO 2025-08-28 00:38:50,726 autoreload 18544 8544526528 Watching for file changes with StatReloader
INFO 2025-08-28 00:38:56,945 autoreload 18544 8544526528 /Users/georgeminyillah/AllProjects/group-one-license-service/license_service/license_service/settings.py changed, reloading.
INFO 2025-08-28 00:38:57,251 autoreload 18665 8544526528 Watching for file changes with StatReloader
INFO 2025-08-28 00:39:04,470 autoreload 18665 8544526528 /Users/georgeminyillah/AllProjects/group-one-license-service/license_service/license_service/settings.py changed, reloading.
INFO 2025-08-28 00:39:04,681 autoreload 18678 8544526528 Watching for file changes with StatReloader
INFO 2025-08-28 00:39:15,960 autoreload 18678 8544526528 /Users/georgeminyillah/AllProjects/group-one-license-service/license_service/license_service/settings.py changed, reloading.
INFO 2025-08-28 00:39:16,180 autoreload 18799 8544526528 Watching for file changes with StatReloader
INFO 2025-08-28 00:39:23,390 autoreload 18799 8544526528 /Users/georgeminyillah/AllProjects/group-one-license-service/license_service/license_service/settings.py changed, reloading.
INFO 2025-08-28 00:39:23,621 autoreload 18920 8544526528 Watching for file changes with StatReloader
INFO 2025-08-28 00:39:36,978 autoreload 18920 8544526528 /Users/georgeminyillah/AllProjects/group-one-license-service/license_service/license_service/settings.py changed, reloading.
INFO 2025-08-28 00:39:37,314 autoreload 19045 8544526528 Watching for file changes with StatReloader
INFO 2025-08-28 00:39:47,570 autoreload 19045 8544526528 /Users/georgeminyillah/AllProjects/group-one-license-service/license_service/license_service/settings.py changed, reloading.
INFO 2025-08-28 00:39:47,886 autoreload 19169 8544526528 Watching for file changes with StatReloader
INFO 2025-08-28 00:40:07,380 autoreload 19169 8544526528 /Users/georgeminyillah/AllProjects/group-one-license-service/license_service/license_service/settings.py changed, reloading.
INFO 2025-08-28 00:40:07,658 autoreload 19413 8544526528 Watching for file changes with StatReloader
INFO 2025-08-28 00:47:26,763 autoreload 24991 8544526528 Watching for file changes with StatReloader
INFO 2025-08-28 00:48:01,956 basehttp 24991 6130020352 "GET /api/docs/ HTTP/1.1" 200 4473
INFO 2025-08-28 00:48:07,280 basehttp 24991 6130020352 "GET /admin/login/ HTTP/1.1" 200 4147
INFO 2025-08-28 00:48:07,419 basehttp 24991 6130020352 "POST /admin/login/ HTTP/1.1" 200 4308
WARNING 2025-08-28 00:48:07,420 log 24991 6130020352 Forbidden: /api/brands/
WARNING 2025-08-28 00:48:07,420 basehttp 24991 6130020352 "POST /api/brands/ HTTP/1.1" 403 58
INFO 2025-08-28 00:48:23,973 basehttp 24991 6130020352 "GET /admin/login/ HTTP/1.1" 200 4147
INFO 2025-08-28 00:48:24,113 basehttp 24991 6130020352 "POST /admin/login/ HTTP/1.1" 200 4308
WARNING 2025-08-28 00:48:24,114 log 24991 6130020352 Forbidden: /api/brands/
WARNING 2025-08-28 00:48:24,114 basehttp 24991 6130020352 "POST /api/brands/ HTTP/1.1" 403 58
INFO 2025-08-28 00:48:29,645 basehttp 24991 6130020352 "GET /admin/ HTTP/1.1" 302 0
INFO 2025-08-28 00:49:54,233 basehttp 24991 6130020352 "GET /admin/ HTTP/1.1" 302 0
INFO 2025-08-28 00:49:54,237 basehttp 24991 6130020352 "GET /admin/login/?next=/admin/ HTTP/1.1" 200 4160
INFO 2025-08-28 00:49:54,239 basehttp 24991 6146846720 "GET /api/docs/ HTTP/1.1" 200 4473
INFO 2025-08-28 00:49:54,364 basehttp 24991 6130020352 "GET /api/schema/ HTTP/1.1" 200 52783
INFO 2025-08-28 00:49:54,367 basehttp 24991 6146846720 "GET /api/redoc/ HTTP/1.1" 200 747
WARNING 2025-08-28 00:49:54,368 log 24991 6130020352 Forbidden: /api/
WARNING 2025-08-28 00:49:54,368 basehttp 24991 6130020352 "GET /api/ HTTP/1.1" 403 58
WARNING 2025-08-28 00:49:54,381 log 24991 6146846720 Not Found: /api/service/check_status/
WARNING 2025-08-28 00:49:54,385 basehttp 24991 6146846720 "POST /api/service/check_status/ HTTP/1.1" 404 57
WARNING 2025-08-28 00:49:54,395 log 24991 6130020352 Not Found: /api/service/activate/
WARNING 2025-08-28 00:49:54,395 basehttp 24991 6130020352 "POST /api/service/activate/ HTTP/1.1" 404 59
INFO 2025-08-28 00:50:48,976 basehttp 24991 6130020352 "GET /admin/login/ HTTP/1.1" 200 4147
INFO 2025-08-28 00:50:49,156 basehttp 24991 6130020352 "POST /admin/login/ HTTP/1.1" 200 4308
INFO 2025-08-28 00:51:10,794 basehttp 24991 6130020352 "GET /admin/login/ HTTP/1.1" 200 4147
INFO 2025-08-28 00:51:10,989 basehttp 24991 6130020352 "POST /admin/login/ HTTP/1.1" 200 4308
INFO 2025-08-28 00:51:10,991 basehttp 24991 6130020352 "GET /admin/ HTTP/1.1" 302 0
INFO 2025-08-28 00:51:10,994 basehttp 24991 6130020352 "GET /admin/login/?next=/admin/ HTTP/1.1" 200 4160
INFO 2025-08-28 00:52:15,376 basehttp 24991 6130020352 "GET /admin/login/ HTTP/1.1" 200 4147
INFO 2025-08-28 00:52:15,518 basehttp 24991 6130020352 "POST /admin/login/ HTTP/1.1" 200 4318
INFO 2025-08-28 00:53:38,111 basehttp 24991 6130020352 "GET /admin/login/ HTTP/1.1" 200 4147
INFO 2025-08-28 00:53:38,269 basehttp 24991 6130020352 "POST /admin/login/ HTTP/1.1" 302 0
WARNING 2025-08-28 00:53:38,273 log 24991 6130020352 Not Found: /accounts/profile/
WARNING 2025-08-28 00:53:38,273 basehttp 24991 6130020352 "GET /accounts/profile/ HTTP/1.1" 404 3268
INFO 2025-08-28 00:53:45,225 autoreload 24991 8544526528 /Users/georgeminyillah/AllProjects/group-one-license-service/license_service/license_service/settings.py changed, reloading.
INFO 2025-08-28 00:53:45,683 autoreload 31195 8544526528 Watching for file changes with StatReloader
INFO 2025-08-28 00:53:45,802 autoreload 19413 8544526528 /Users/georgeminyillah/AllProjects/group-one-license-service/license_service/license_service/settings.py changed, reloading.
INFO 2025-08-28 00:53:46,002 autoreload 31196 8544526528 Watching for file changes with StatReloader
INFO 2025-08-28 00:53:55,255 autoreload 31196 8544526528 /Users/georgeminyillah/AllProjects/group-one-license-service/license_service/license_service/settings.py changed, reloading.
INFO 2025-08-28 00:53:55,497 autoreload 31321 8544526528 Watching for file changes with StatReloader
INFO 2025-08-28 00:53:55,972 autoreload 31195 8544526528 /Users/georgeminyillah/AllProjects/group-one-license-service/license_service/license_service/settings.py changed, reloading.
INFO 2025-08-28 00:53:56,188 autoreload 31322 8544526528 Watching for file changes with StatReloader
INFO 2025-08-28 00:54:04,738 autoreload 31321 8544526528 /Users/georgeminyillah/AllProjects/group-one-license-service/license_service/license_service/settings.py changed, reloading.
INFO 2025-08-28 00:54:04,983 autoreload 31441 8544526528 Watching for file changes with StatReloader
INFO 2025-08-28 00:54:05,465 autoreload 31322 8544526528 /Users/georgeminyillah/AllProjects/group-one-license-service/license_service/license_service/settings.py changed, reloading.
INFO 2025-08-28 00:54:05,699 autoreload 31443 8544526528 Watching for file changes with StatReloader
INFO 2025-08-28 00:54:11,856 autoreload 31443 8544526528 /Users/georgeminyillah/AllProjects/group-one-license-service/license_service/license_service/settings.py changed, reloading.
INFO 2025-08-28 00:54:12,141 autoreload 31441 8544526528 /Users/georgeminyillah/AllProjects/group-one-license-service/license_service/license_service/settings.py changed, reloading.
INFO 2025-08-28 00:54:12,154 autoreload 31461 8544526528 Watching for file changes with StatReloader
INFO 2025-08-28 00:54:12,359 autoreload 31462 8544526528 Watching for file changes with StatReloader
INFO 2025-08-28 00:54:19,560 autoreload 31462 8544526528 /Users/georgeminyillah/AllProjects/group-one-license-service/license_service/license_service/settings.py changed, reloading.
INFO 2025-08-28 00:54:19,769 autoreload 31586 8544526528 Watching for file changes with StatReloader
INFO 2025-08-28 00:54:20,412 autoreload 31461 8544526528 /Users/georgeminyillah/AllProjects/group-one-license-service/license_service/license_service/settings.py changed, reloading.
INFO 2025-08-28 00:54:20,645 autoreload 31588 8544526528 Watching for file changes with StatReloader
INFO 2025-08-28 00:54:28,871 autoreload 31588 8544526528 /Users/georgeminyillah/AllProjects/group-one-license-service/license_service/license_service/settings.py changed, reloading.
INFO 2025-08-28 00:54:28,978 autoreload 31586 8544526528 /Users/georgeminyillah/AllProjects/group-one-license-service/license_service/license_service/settings.py changed, reloading.
INFO 2025-08-28 00:54:29,090 autoreload 31701 8544526528 Watching for file changes with StatReloader
INFO 2025-08-28 00:54:29,203 autoreload 31702 8544526528 Watching for file changes with StatReloader
INFO 2025-08-28 00:54:38,346 autoreload 31701 8544526528 /Users/georgeminyillah/AllProjects/group-one-license-service/license_service/license_service/settings.py changed, reloading.
INFO 2025-08-28 00:54:38,597 autoreload 31909 8544526528 Watching for file changes with StatReloader
INFO 2025-08-28 00:54:39,723 autoreload 31909 8544526528 /Users/georgeminyillah/AllProjects/group-one-license-service/license_service/license_service/settings.py changed, reloading.
INFO 2025-08-28 00:54:39,925 autoreload 31911 8544526528 Watching for file changes with StatReloader
INFO 2025-08-28 00:54:46,194 autoreload 31911 8544526528 /Users/georgeminyillah/AllProjects/group-one-license-service/license_service/license_service/settings.py changed, reloading.
INFO 2025-08-28 00:54:46,467 autoreload 32030 8544526528 Watching for file changes with StatReloader
INFO 2025-08-28 00:54:56,743 autoreload 32030 8544526528 /Users/georgeminyillah/AllProjects/group-one-license-service/license_service/license_service/settings.py changed, reloading.
INFO 2025-08-28 00:54:57,094 autoreload 32147 8544526528 Watching for file changes with StatReloader
INFO 2025-08-28 00:55:06,478 autoreload 32147 8544526528 /Users/georgeminyillah/AllProjects/group-one-license-service/license_service/license_service/settings.py changed, reloading.
INFO 2025-08-28 00:55:06,866 autoreload 32175 8544526528 Watching for file changes with StatReloader
INFO 2025-08-28 00:55:17,202 autoreload 32175 8544526528 /Users/georgeminyillah/AllProjects/group-one-license-service/license_service/license_service/settings.py changed, reloading.
INFO 2025-08-28 00:55:17,565 autoreload 32300 8544526528 Watching for file changes with StatReloader
INFO 2025-08-28 00:55:27,959 autoreload 32300 8544526528 /Users/georgeminyillah/AllProjects/group-one-license-service/license_service/license_service/settings.py changed, reloading.
INFO 2025-08-28 00:55:28,283 autoreload 32430 8544526528 Watching for file changes with StatReloader
INFO 2025-08-28 00:55:36,580 autoreload 32430 8544526528 /Users/georgeminyillah/AllProjects/group-one-license-service/license_service/license_service/settings.py changed, reloading.
INFO 2025-08-28 00:55:36,812 autoreload 32555 8544526528 Watching for file changes with StatReloader
INFO 2025-08-28 00:56:32,534 autoreload 33739 8544526528 Watching for file changes with StatReloader
INFO 2025-08-28 00:56:41,616 basehttp 32555 6167670784 "GET /admin/ HTTP/1.1" 302 0
INFO 2025-08-28 00:56:48,865 basehttp 32555 6167670784 "GET /admin/login/ HTTP/1.1" 200 4147
INFO 2025-08-28 00:56:49,015 basehttp 32555 6167670784 "POST /admin/login/ HTTP/1.1" 302 0
INFO 2025-08-28 00:56:49,035 basehttp 32555 6167670784 "GET /admin/ HTTP/1.1" 200 9406
INFO 2025-08-28 00:58:02,602 basehttp 32555 6167670784 "GET /admin/login/ HTTP/1.1" 200 4147
INFO 2025-08-28 00:58:02,820 basehttp 32555 6167670784 "POST /admin/login/ HTTP/1.1" 302 0
INFO 2025-08-28 00:58:02,834 basehttp 32555 6167670784 "GET /admin/ HTTP/1.1" 200 9406
INFO 2025-08-28 00:58:56,539 basehttp 32555 6167670784 "GET /admin/login/ HTTP/1.1" 200 4147
INFO 2025-08-28 00:58:56,685 basehttp 32555 6167670784 "POST /admin/login/ HTTP/1.1" 302 0
INFO 2025-08-28 00:58:56,697 basehttp 32555 6167670784 "GET /admin/ HTTP/1.1" 200 9406
INFO 2025-08-28 00:58:56,709 basehttp 32555 6167670784 "GET /admin/ HTTP/1.1" 200 9406
INFO 2025-08-28 01:00:06,335 basehttp 32555 6167670784 "GET /admin/login/ HTTP/1.1" 200 4147
INFO 2025-08-28 01:00:06,547 basehttp 32555 6167670784 "POST /admin/login/ HTTP/1.1" 302 0
INFO 2025-08-28 01:00:06,558 basehttp 32555 6167670784 "GET /admin/ HTTP/1.1" 200 9406
INFO 2025-08-28 01:00:06,569 basehttp 32555 6167670784 "GET /admin/ HTTP/1.1" 200 9406
WARNING 2025-08-28 01:00:06,571 log 32555 6167670784 Forbidden (CSRF token missing.): /admin/licenses/brand/add/
WARNING 2025-08-28 01:00:06,571 basehttp 32555 6167670784 "POST /admin/licenses/brand/add/ HTTP/1.1" 403 2491
WARNING 2025-08-28 01:00:06,572 log 32555 6167670784 Forbidden (CSRF token missing.): /admin/licenses/product/add/
WARNING 2025-08-28 01:00:06,572 basehttp 32555 6167670784 "POST /admin/licenses/product/add/ HTTP/1.1" 403 2491
WARNING 2025-08-28 01:00:06,574 log 32555 6167670784 Forbidden (CSRF token missing.): /admin/licenses/licensekey/add/
WARNING 2025-08-28 01:00:06,574 basehttp 32555 6167670784 "POST /admin/licenses/licensekey/add/ HTTP/1.1" 403 2491
WARNING 2025-08-28 01:00:06,575 log 32555 6167670784 Forbidden (CSRF token missing.): /admin/licenses/license/add/
WARNING 2025-08-28 01:00:06,575 basehttp 32555 6167670784 "POST /admin/licenses/license/add/ HTTP/1.1" 403 2491
WARNING 2025-08-28 01:00:06,576 log 32555 6167670784 Forbidden (CSRF token missing.): /admin/licenses/activation/add/
WARNING 2025-08-28 01:00:06,576 basehttp 32555 6167670784 "POST /admin/licenses/activation/add/ HTTP/1.1" 403 2491
WARNING 2025-08-28 01:00:06,578 log 32555 6167670784 Forbidden (CSRF token missing.): /admin/licenses/activation/add/
WARNING 2025-08-28 01:00:06,578 basehttp 32555 6167670784 "POST /admin/licenses/activation/add/ HTTP/1.1" 403 2491
WARNING 2025-08-28 01:00:06,579 log 32555 6167670784 Forbidden (CSRF token missing.): /admin/licenses/activation/add/
WARNING 2025-08-28 01:00:06,579 basehttp 32555 6167670784 "POST /admin/licenses/activation/add/ HTTP/1.1" 403 2491
WARNING 2025-08-28 01:00:06,587 log 32555 6167670784 Forbidden: /api/licenses/1/renew/
WARNING 2025-08-28 01:00:06,587 basehttp 32555 6167670784 "POST /api/licenses/1/renew/ HTTP/1.1" 403 45
WARNING 2025-08-28 01:00:06,596 log 32555 6167670784 Forbidden: /api/licenses/1/suspend/
WARNING 2025-08-28 01:00:06,596 basehttp 32555 6167670784 "POST /api/licenses/1/suspend/ HTTP/1.1" 403 45
WARNING 2025-08-28 01:00:06,604 log 32555 6167670784 Forbidden: /api/licenses/1/resume/
WARNING 2025-08-28 01:00:06,604 basehttp 32555 6167670784 "POST /api/licenses/1/resume/ HTTP/1.1" 403 45
WARNING 2025-08-28 01:00:06,612 log 32555 6167670784 Forbidden: /api/licenses/1/cancel/
WARNING 2025-08-28 01:00:06,612 basehttp 32555 6167670784 "POST /api/licenses/1/cancel/ HTTP/1.1" 403 45
WARNING 2025-08-28 01:00:06,619 log 32555 6167670784 Forbidden: /api/activations/1/deactivate/
WARNING 2025-08-28 01:00:06,619 basehttp 32555 6167670784 "POST /api/activations/1/deactivate/ HTTP/1.1" 403 45
WARNING 2025-08-28 01:00:06,626 log 32555 6167670784 Forbidden: /api/activations/bulk_deactivate/
WARNING 2025-08-28 01:00:06,626 basehttp 32555 6167670784 "POST /api/activations/bulk_deactivate/ HTTP/1.1" 403 45
INFO 2025-08-28 01:00:06,635 basehttp 32555 6167670784 "GET /api/docs/ HTTP/1.1" 200 4473
INFO 2025-08-28 01:00:06,709 basehttp 32555 6167670784 "GET /api/schema/ HTTP/1.1" 200 52783
INFO 2025-08-28 01:00:06,717 basehttp 32555 6167670784 "GET /api/redoc/ HTTP/1.1" 200 747
INFO 2025-08-28 01:00:26,134 autoreload 33739 8544526528 /Users/georgeminyillah/AllProjects/group-one-license-service/license_service/license_service/settings.py changed, reloading.
INFO 2025-08-28 01:00:26,387 autoreload 37075 8544526528 Watching for file changes with StatReloader
INFO 2025-08-28 01:00:26,661 autoreload 32555 8544526528 /Users/georgeminyillah/AllProjects/group-one-license-service/license_service/license_service/settings.py changed, reloading.
INFO 2025-08-28 01:00:26,967 autoreload 37078 8544526528 Watching for file changes with StatReloader
INFO 2025-08-28 01:01:42,295 autoreload 37078 8544526528 /Users/georgeminyillah/AllProjects/group-one-license-service/license_service/license_service/settings.py changed, reloading.
INFO 2025-08-28 01:01:42,680 autoreload 38030 8544526528 Watching for file changes with StatReloader
INFO 2025-08-28 01:01:43,029 autoreload 37075 8544526528 /Users/georgeminyillah/AllProjects/group-one-license-service/license_service/license_service/settings.py changed, reloading.
INFO 2025-08-28 01:01:43,204 autoreload 38032 8544526528 Watching for file changes with StatReloader
INFO 2025-08-28 01:02:38,738 autoreload 38030 8544526528 /Users/georgeminyillah/AllProjects/group-one-license-service/license_service/license_service/settings.py changed, reloading.
INFO 2025-08-28 01:02:39,090 autoreload 38665 8544526528 Watching for file changes with StatReloader
WARNING 2025-08-28 01:28:12,807 log 38665 6198063104 Not Found: /
WARNING 2025-08-28 01:28:12,808 basehttp 38665 6198063104 "GET / HTTP/1.1" 404 3199
WARNING 2025-08-28 01:28:12,949 log 38665 6198063104 Not Found: /favicon.ico
WARNING 2025-08-28 01:28:12,950 basehttp 38665 6198063104 "GET /favicon.ico HTTP/1.1" 404 3250
INFO 2025-08-28 01:28:52,801 basehttp 38665 6198063104 "GET /api HTTP/1.1" 301 0
WARNING 2025-08-28 01:28:52,827 log 38665 6198063104 Forbidden: /api/
WARNING 2025-08-28 01:28:52,828 basehttp 38665 6198063104 "GET /api/ HTTP/1.1" 403 4916
INFO 2025-08-28 01:28:52,881 basehttp 38665 6214889472 "GET /static/rest_framework/css/bootstrap-tweaks.css HTTP/1.1" 200 3385
INFO 2025-08-28 01:28:52,882 basehttp 38665 6248542208 "GET /static/rest_framework/css/default.css HTTP/1.1" 200 1152
INFO 2025-08-28 01:28:52,882 basehttp 38665 6231715840 "GET /static/rest_framework/css/prettify.css HTTP/1.1" 200 817
INFO 2025-08-28 01:28:52,884 basehttp 38665 6214889472 "GET /static/rest_framework/js/csrf.js HTTP/1.1" 200 1719
INFO 2025-08-28 01:28:52,885 basehttp 38665 6282194944 "GET /static/rest_framework/js/ajax-form.js HTTP/1.1" 200 3597
INFO 2025-08-28 01:28:52,885 basehttp 38665 6231715840 "GET /static/rest_framework/js/prettify-min.js HTTP/1.1" 200 13632
INFO 2025-08-28 01:28:52,886 basehttp 38665 6282194944 "GET /static/rest_framework/js/default.js HTTP/1.1" 200 1268
INFO 2025-08-28 01:28:52,887 basehttp 38665 6265368576 "GET /static/rest_framework/js/jquery-3.5.1.min.js HTTP/1.1" 200 89476
INFO 2025-08-28 01:28:52,887 basehttp 38665 6248542208 "GET /static/rest_framework/js/bootstrap.min.js HTTP/1.1" 200 39680
INFO 2025-08-28 01:28:52,888 basehttp 38665 6198063104 "GET /static/rest_framework/css/bootstrap.min.css HTTP/1.1" 200 121457
INFO 2025-08-28 01:28:52,897 basehttp 38665 6198063104 "GET /static/rest_framework/img/grid.png HTTP/1.1" 200 1458
WARNING 2025-08-28 01:28:57,779 log 38665 6198063104 Not Found: /
WARNING 2025-08-28 01:28:57,780 basehttp 38665 6198063104 "GET / HTTP/1.1" 404 3199
WARNING 2025-08-28 01:29:10,757 log 38665 6198063104 Forbidden: /api/license-keys/by-email/
WARNING 2025-08-28 01:29:10,760 basehttp 38665 6198063104 "GET /api/license-keys/by-email/ HTTP/1.1" 403 5333
WARNING 2025-08-28 01:29:18,573 log 38665 6198063104 Not Found: /
WARNING 2025-08-28 01:29:18,574 basehttp 38665 6198063104 "GET / HTTP/1.1" 404 3199
INFO 2025-08-28 01:29:30,639 basehttp 38665 6198063104 "GET /api/docs/ HTTP/1.1" 200 4473
INFO 2025-08-28 01:29:31,402 basehttp 38665 6198063104 "GET /api/schema/ HTTP/1.1" 200 110265
INFO 2025-08-28 02:07:03,634 autoreload 38665 8544526528 /Users/georgeminyillah/AllProjects/group-one-license-service/license_service/licenses/models.py changed, reloading.
INFO 2025-08-28 02:07:04,021 autoreload 85997 8544526528 Watching for file changes with StatReloader
INFO 2025-08-28 02:07:45,647 models 86776 8544526528 License 10 suspended: Testing suspension
INFO 2025-08-28 02:07:45,650 models 86776 8544526528 License 11 suspended: Testing suspension
INFO 2025-08-28 02:07:45,650 models 86776 8544526528 License 11 resumed
INFO 2025-08-28 02:07:45,655 models 86776 8544526528 License 12 cancelled: Testing cancellation
INFO 2025-08-28 02:07:45,657 models 86776 8544526528 License 13 cancelled: Testing cancellation
INFO 2025-08-28 02:07:45,671 models 86776 8544526528 Activation 5 deactivated for instance https://test.example.com: Testing deactivation
INFO 2025-08-28 02:07:45,676 models 86776 8544526528 Activation 6 deactivated for instance https://test.example.com: Testing deactivation
INFO 2025-08-28 02:10:46,279 models 89077 8544526528 License 9 renewed until 2026-09-27 02:10:46.278702 (renewal #1)
INFO 2025-08-28 02:10:46,282 models 89077 8544526528 License 10 suspended: Testing suspension
INFO 2025-08-28 02:10:46,285 models 89077 8544526528 License 11 suspended: Testing suspension
INFO 2025-08-28 02:10:46,285 models 89077 8544526528 License 11 resumed
INFO 2025-08-28 02:10:46,287 models 89077 8544526528 License 12 cancelled: Testing cancellation
INFO 2025-08-28 02:10:46,290 models 89077 8544526528 License 13 cancelled: Testing cancellation
INFO 2025-08-28 02:10:46,300 models 89077 8544526528 Activation 5 deactivated for instance https://test.example.com: Testing deactivation
INFO 2025-08-28 02:10:46,306 models 89077 8544526528 Activation 6 deactivated for instance https://test.example.com: Testing deactivation
INFO 2025-08-28 02:12:04,707 autoreload 85997 8544526528 /Users/georgeminyillah/AllProjects/group-one-license-service/license_service/licenses/models.py changed, reloading.
INFO 2025-08-28 02:12:05,139 autoreload 90009 8544526528 Watching for file changes with StatReloader
INFO 2025-08-28 02:12:07,282 autoreload 90009 8544526528 /Users/georgeminyillah/AllProjects/group-one-license-service/license_service/licenses/models.py changed, reloading.
INFO 2025-08-28 02:12:07,544 autoreload 90031 8544526528 Watching for file changes with StatReloader
INFO 2025-08-28 02:12:13,711 autoreload 90031 8544526528 /Users/georgeminyillah/AllProjects/group-one-license-service/license_service/licenses/models.py changed, reloading.
INFO 2025-08-28 02:12:13,964 autoreload 90148 8544526528 Watching for file changes with StatReloader
INFO 2025-08-28 02:12:15,073 autoreload 90148 8544526528 /Users/georgeminyillah/AllProjects/group-one-license-service/license_service/licenses/models.py changed, reloading.
INFO 2025-08-28 02:12:15,332 autoreload 90151 8544526528 Watching for file changes with StatReloader
INFO 2025-08-28 02:12:19,473 autoreload 90151 8544526528 /Users/georgeminyillah/AllProjects/group-one-license-service/license_service/licenses/models.py changed, reloading.
INFO 2025-08-28 02:12:19,778 autoreload 90269 8544526528 Watching for file changes with StatReloader
INFO 2025-08-28 02:12:26,975 autoreload 90269 8544526528 /Users/georgeminyillah/AllProjects/group-one-license-service/license_service/licenses/models.py changed, reloading.
INFO 2025-08-28 02:12:27,233 autoreload 90283 8544526528 Watching for file changes with StatReloader
INFO 2025-08-28 02:13:30,194 autoreload 90283 8544526528 /Users/georgeminyillah/AllProjects/group-one-license-service/license_service/licenses/serializers.py changed, reloading.
INFO 2025-08-28 02:13:30,716 autoreload 91004 8544526528 Watching for file changes with StatReloader
INFO 2025-08-28 02:13:34,880 autoreload 91004 8544526528 /Users/georgeminyillah/AllProjects/group-one-license-service/license_service/licenses/serializers.py changed, reloading.
INFO 2025-08-28 02:13:35,133 autoreload 91020 8544526528 Watching for file changes with StatReloader
INFO 2025-08-28 02:13:39,278 autoreload 91020 8544526528 /Users/georgeminyillah/AllProjects/group-one-license-service/license_service/licenses/serializers.py changed, reloading.
INFO 2025-08-28 02:13:39,536 autoreload 91129 8544526528 Watching for file changes with StatReloader
INFO 2025-08-28 02:13:42,677 autoreload 91129 8544526528 /Users/georgeminyillah/AllProjects/group-one-license-service/license_service/licenses/serializers.py changed, reloading.
INFO 2025-08-28 02:13:42,934 autoreload 91134 8544526528 Watching for file changes with StatReloader
INFO 2025-08-28 02:13:45,597 models 91247 8544526528 License 9 renewed until 2026-09-27 02:13:45.596480+00:00 (renewal #1)
INFO 2025-08-28 02:13:45,599 models 91247 8544526528 License 10 suspended: Testing suspension
INFO 2025-08-28 02:13:45,601 models 91247 8544526528 License 11 suspended: Testing suspension
INFO 2025-08-28 02:13:45,601 models 91247 8544526528 License 11 resumed
INFO 2025-08-28 02:13:45,603 models 91247 8544526528 License 12 cancelled: Testing cancellation
INFO 2025-08-28 02:13:45,606 models 91247 8544526528 License 13 cancelled: Testing cancellation
INFO 2025-08-28 02:13:45,613 models 91247 8544526528 Activation 5 deactivated for instance https://test.example.com: Testing deactivation
INFO 2025-08-28 02:13:45,616 models 91247 8544526528 Activation 6 deactivated for instance https://test.example.com: Testing deactivation
WARNING 2025-08-28 02:20:44,825 log 96921 8544526528 Forbidden: /api/brands/
WARNING 2025-08-28 02:21:51,020 log 98042 8544526528 Forbidden: /api/brands/
INFO 2025-08-28 02:22:04,874 autoreload 91134 8544526528 /Users/georgeminyillah/AllProjects/group-one-license-service/license_service/licenses/models.py changed, reloading.
INFO 2025-08-28 02:22:05,207 autoreload 98267 8544526528 Watching for file changes with StatReloader
WARNING 2025-08-28 02:23:33,906 log 99533 8544526528 Bad Request: /api/products/
WARNING 2025-08-28 02:24:20,562 log 472 8544526528 Bad Request: /api/products/
INFO 2025-08-28 02:27:15,211 models 3870 8544526528 License 1 renewed until 2026-12-31 00:00:00+00:00 (renewal #1)
INFO 2025-08-28 02:27:15,211 views 3870 8544526528 License 1 renewed by user testadmin until 2026-12-31 00:00:00+00:00
INFO 2025-08-28 02:31:12,588 models 7137 8544526528 License 1 renewed until 2026-12-31 00:00:00+00:00 (renewal #1)
INFO 2025-08-28 02:31:12,588 views 7137 8544526528 License 1 renewed by user testadmin until 2026-12-31 00:00:00+00:00
INFO 2025-08-28 02:31:12,729 models 7137 8544526528 License 2 suspended: Testing suspension
INFO 2025-08-28 02:31:12,730 views 7137 8544526528 License 2 suspended by user testadmin: Testing suspension
INFO 2025-08-28 02:31:12,869 models 7137 8544526528 License 3 suspended: Testing
INFO 2025-08-28 02:31:12,869 views 7137 8544526528 License 3 suspended by user testadmin: Testing
INFO 2025-08-28 02:31:12,874 models 7137 8544526528 License 3 resumed
INFO 2025-08-28 02:31:12,874 views 7137 8544526528 License 3 resumed by user testadmin
INFO 2025-08-28 02:31:13,011 models 7137 8544526528 License 4 cancelled: Testing cancellation
INFO 2025-08-28 02:31:13,011 views 7137 8544526528 License 4 cancelled by user testadmin: Testing cancellation
INFO 2025-08-28 02:31:13,149 models 7137 8544526528 License 5 cancelled: Testing
INFO 2025-08-28 02:31:13,149 views 7137 8544526528 License 5 cancelled by user testadmin: Testing
WARNING 2025-08-28 02:31:13,153 log 7137 8544526528 Bad Request: /api/licenses/5/renew/
INFO 2025-08-28 02:31:19,271 autoreload 98267 8544526528 /Users/georgeminyillah/AllProjects/group-one-license-service/license_service/licenses/models.py changed, reloading.
INFO 2025-08-28 02:31:19,648 autoreload 7240 8544526528 Watching for file changes with StatReloader
WARNING 2025-08-28 02:32:09,726 log 8174 8544526528 Bad Request: /api/activations/
WARNING 2025-08-28 02:32:32,481 log 8640 8544526528 Bad Request: /api/activations/
INFO 2025-08-28 02:34:16,591 models 10465 8544526528 Activation 1 deactivated for instance https://test.example.com: Testing deactivation
INFO 2025-08-28 02:34:16,591 views 10465 8544526528 Activation 1 deactivated by user testadmin for instance https://test.example.com
INFO 2025-08-28 02:34:16,901 models 10465 8544526528 Activation 5 deactivated for instance https://test.example.com: Testing
INFO 2025-08-28 02:34:16,901 views 10465 8544526528 Activation 5 deactivated by user testadmin for instance https://test.example.com
INFO 2025-08-28 02:35:28,345 models 11782 8544526528 Activation 1 deactivated for instance https://test0.example.com: Testing bulk deactivation
INFO 2025-08-28 02:35:28,345 views 11782 8544526528 Activation 1 bulk deactivated by user testadmin
INFO 2025-08-28 02:35:28,346 models 11782 8544526528 Activation 2 deactivated for instance https://test1.example.com: Testing bulk deactivation
INFO 2025-08-28 02:35:28,346 views 11782 8544526528 Activation 2 bulk deactivated by user testadmin
INFO 2025-08-28 02:35:28,347 models 11782 8544526528 Activation 3 deactivated for instance https://test2.example.com: Testing bulk deactivation
INFO 2025-08-28 02:35:28,347 views 11782 8544526528 Activation 3 bulk deactivated by user testadmin
INFO 2025-08-28 02:35:37,387 models 12005 8544526528 Activation 1 deactivated for instance https://test.example.com: Testing deactivation
INFO 2025-08-28 02:35:37,387 views 12005 8544526528 Activation 1 deactivated by user testadmin for instance https://test.example.com
INFO 2025-08-28 02:35:37,529 models 12005 8544526528 Activation 2 deactivated for instance https://test0.example.com: Testing bulk deactivation
INFO 2025-08-28 02:35:37,529 views 12005 8544526528 Activation 2 bulk deactivated by user testadmin
INFO 2025-08-28 02:35:37,530 models 12005 8544526528 Activation 3 deactivated for instance https://test1.example.com: Testing bulk deactivation
INFO 2025-08-28 02:35:37,530 views 12005 8544526528 Activation 3 bulk deactivated by user testadmin
INFO 2025-08-28 02:35:37,531 models 12005 8544526528 Activation 4 deactivated for instance https://test2.example.com: Testing bulk deactivation
INFO 2025-08-28 02:35:37,531 views 12005 8544526528 Activation 4 bulk deactivated by user testadmin
INFO 2025-08-28 02:35:37,670 models 12005 8544526528 Activation 5 deactivated for instance https://test.example.com: Testing
INFO 2025-08-28 02:35:37,671 views 12005 8544526528 Activation 5 deactivated by user testadmin for instance https://test.example.com
INFO 2025-08-28 02:37:10,717 views 13496 8544526528 License 2 activated for instance https://service.example.com by license key TEST-LICENSE-KEY-12345
INFO 2025-08-28 02:37:56,488 models 14582 8544526528 License 2 suspended: Testing suspension
INFO 2025-08-28 02:38:37,279 models 15275 8544526528 License 2 suspended: Testing suspension
WARNING 2025-08-28 02:40:20,908 log 17282 8544526528 Bad Request: /api/brands/
WARNING 2025-08-28 02:40:21,070 log 17282 8544526528 Not Found: /api/brands/99999/
WARNING 2025-08-28 02:40:21,203 log 17282 8544526528 Bad Request: /api/brands/1/
WARNING 2025-08-28 02:41:03,301 log 17965 8544526528 Bad Request: /api/brands/
WARNING 2025-08-28 02:41:03,435 log 17965 8544526528 Not Found: /api/brands/99999/
WARNING 2025-08-28 02:41:40,139 log 18534 8544526528 Bad Request: /api/brands/
WARNING 2025-08-28 02:41:40,380 log 18534 8544526528 Not Found: /api/brands/99999/
WARNING 2025-08-28 02:41:40,516 log 18534 8544526528 Not Found: /api/brands/invalid-endpoint/
WARNING 2025-08-28 02:42:41,276 log 19663 8544526528 Forbidden: /api/brands/
WARNING 2025-08-28 02:43:27,407 log 20364 8544526528 Forbidden: /api/brands/
WARNING 2025-08-28 02:43:41,970 log 20759 8544526528 Forbidden: /api/brands/
INFO 2025-08-28 02:43:43,463 models 20759 8544526528 License 4 renewed until 2026-12-31 00:00:00+00:00 (renewal #1)
INFO 2025-08-28 02:43:43,463 views 20759 8544526528 License 4 renewed by user testadmin until 2026-12-31 00:00:00+00:00
INFO 2025-08-28 02:43:43,603 models 20759 8544526528 License 5 suspended: Testing suspension
INFO 2025-08-28 02:43:43,603 views 20759 8544526528 License 5 suspended by user testadmin: Testing suspension
INFO 2025-08-28 02:43:43,742 models 20759 8544526528 License 6 suspended: Testing
INFO 2025-08-28 02:43:43,742 views 20759 8544526528 License 6 suspended by user testadmin: Testing
INFO 2025-08-28 02:43:43,747 models 20759 8544526528 License 6 resumed
INFO 2025-08-28 02:43:43,747 views 20759 8544526528 License 6 resumed by user testadmin
INFO 2025-08-28 02:43:43,887 models 20759 8544526528 License 7 cancelled: Testing cancellation
INFO 2025-08-28 02:43:43,887 views 20759 8544526528 License 7 cancelled by user testadmin: Testing cancellation
INFO 2025-08-28 02:43:44,025 models 20759 8544526528 License 8 cancelled: Testing
INFO 2025-08-28 02:43:44,025 views 20759 8544526528 License 8 cancelled by user testadmin: Testing
WARNING 2025-08-28 02:43:44,030 log 20759 8544526528 Bad Request: /api/licenses/8/renew/
INFO 2025-08-28 02:43:44,584 models 20759 8544526528 Activation 4 deactivated for instance https://test.example.com: Testing deactivation
INFO 2025-08-28 02:43:44,584 views 20759 8544526528 Activation 4 deactivated by user testadmin for instance https://test.example.com
INFO 2025-08-28 02:43:44,722 models 20759 8544526528 Activation 5 deactivated for instance https://test0.example.com: Testing bulk deactivation
INFO 2025-08-28 02:43:44,722 views 20759 8544526528 Activation 5 bulk deactivated by user testadmin
INFO 2025-08-28 02:43:44,723 models 20759 8544526528 Activation 6 deactivated for instance https://test1.example.com: Testing bulk deactivation
INFO 2025-08-28 02:43:44,723 views 20759 8544526528 Activation 6 bulk deactivated by user testadmin
INFO 2025-08-28 02:43:44,724 models 20759 8544526528 Activation 7 deactivated for instance https://test2.example.com: Testing bulk deactivation
INFO 2025-08-28 02:43:44,724 views 20759 8544526528 Activation 7 bulk deactivated by user testadmin
INFO 2025-08-28 02:43:44,862 models 20759 8544526528 Activation 8 deactivated for instance https://test.example.com: Testing
INFO 2025-08-28 02:43:44,862 views 20759 8544526528 Activation 8 deactivated by user testadmin for instance https://test.example.com
INFO 2025-08-28 02:43:45,138 views 20759 8544526528 License 16 activated for instance https://service.example.com by license key TEST-LICENSE-KEY-12345
INFO 2025-08-28 02:43:45,418 models 20759 8544526528 License 28 suspended: Testing suspension
WARNING 2025-08-28 02:43:45,964 log 20759 8544526528 Bad Request: /api/brands/
WARNING 2025-08-28 02:43:46,096 log 20759 8544526528 Not Found: /api/brands/99999/
WARNING 2025-08-28 02:43:46,230 log 20759 8544526528 Not Found: /api/brands/invalid-endpoint/
WARNING 2025-08-28 02:43:46,232 log 20759 8544526528 Forbidden: /api/brands/
WARNING 2025-08-28 02:44:07,572 log 21175 8544526528 Forbidden: /api/brands/
INFO 2025-08-28 02:44:09,069 models 21175 8544526528 License 4 renewed until 2026-12-31 00:00:00+00:00 (renewal #1)
INFO 2025-08-28 02:44:09,069 views 21175 8544526528 License 4 renewed by user testadmin until 2026-12-31 00:00:00+00:00
INFO 2025-08-28 02:44:09,206 models 21175 8544526528 License 5 suspended: Testing suspension
INFO 2025-08-28 02:44:09,207 views 21175 8544526528 License 5 suspended by user testadmin: Testing suspension
INFO 2025-08-28 02:44:09,346 models 21175 8544526528 License 6 suspended: Testing
INFO 2025-08-28 02:44:09,346 views 21175 8544526528 License 6 suspended by user testadmin: Testing
INFO 2025-08-28 02:44:09,351 models 21175 8544526528 License 6 resumed
INFO 2025-08-28 02:44:09,351 views 21175 8544526528 License 6 resumed by user testadmin
INFO 2025-08-28 02:44:09,495 models 21175 8544526528 License 7 cancelled: Testing cancellation
INFO 2025-08-28 02:44:09,496 views 21175 8544526528 License 7 cancelled by user testadmin: Testing cancellation
INFO 2025-08-28 02:44:09,641 models 21175 8544526528 License 8 cancelled: Testing
INFO 2025-08-28 02:44:09,641 views 21175 8544526528 License 8 cancelled by user testadmin: Testing
WARNING 2025-08-28 02:44:09,646 log 21175 8544526528 Bad Request: /api/licenses/8/renew/
INFO 2025-08-28 02:44:10,208 models 21175 8544526528 Activation 4 deactivated for instance https://test.example.com: Testing deactivation
INFO 2025-08-28 02:44:10,208 views 21175 8544526528 Activation 4 deactivated by user testadmin for instance https://test.example.com
INFO 2025-08-28 02:44:10,345 models 21175 8544526528 Activation 5 deactivated for instance https://test0.example.com: Testing bulk deactivation
INFO 2025-08-28 02:44:10,345 views 21175 8544526528 Activation 5 bulk deactivated by user testadmin
INFO 2025-08-28 02:44:10,346 models 21175 8544526528 Activation 6 deactivated for instance https://test1.example.com: Testing bulk deactivation
INFO 2025-08-28 02:44:10,346 views 21175 8544526528 Activation 6 bulk deactivated by user testadmin
INFO 2025-08-28 02:44:10,347 models 21175 8544526528 Activation 7 deactivated for instance https://test2.example.com: Testing bulk deactivation
INFO 2025-08-28 02:44:10,347 views 21175 8544526528 Activation 7 bulk deactivated by user testadmin
INFO 2025-08-28 02:44:10,482 models 21175 8544526528 Activation 8 deactivated for instance https://test.example.com: Testing
INFO 2025-08-28 02:44:10,483 views 21175 8544526528 Activation 8 deactivated by user testadmin for instance https://test.example.com
INFO 2025-08-28 02:44:10,758 views 21175 8544526528 License 16 activated for instance https://service.example.com by license key TEST-LICENSE-KEY-12345
INFO 2025-08-28 02:44:11,041 models 21175 8544526528 License 28 suspended: Testing suspension
WARNING 2025-08-28 02:44:11,588 log 21175 8544526528 Bad Request: /api/brands/
WARNING 2025-08-28 02:44:11,719 log 21175 8544526528 Not Found: /api/brands/99999/
WARNING 2025-08-28 02:44:11,853 log 21175 8544526528 Not Found: /api/brands/invalid-endpoint/
WARNING 2025-08-28 02:44:11,856 log 21175 8544526528 Forbidden: /api/brands/
INFO 2025-08-28 02:44:12,032 models 21175 8544526528 License 38 renewed until 2026-09-27 02:44:12.032092+00:00 (renewal #1)
INFO 2025-08-28 02:44:12,036 models 21175 8544526528 License 39 suspended: Testing suspension
INFO 2025-08-28 02:44:12,039 models 21175 8544526528 License 40 suspended: Testing suspension
INFO 2025-08-28 02:44:12,039 models 21175 8544526528 License 40 resumed
INFO 2025-08-28 02:44:12,042 models 21175 8544526528 License 41 cancelled: Testing cancellation
INFO 2025-08-28 02:44:12,045 models 21175 8544526528 License 42 cancelled: Testing cancellation
INFO 2025-08-28 02:44:12,054 models 21175 8544526528 Activation 65 deactivated for instance https://test.example.com: Testing deactivation
INFO 2025-08-28 02:44:12,057 models 21175 8544526528 Activation 66 deactivated for instance https://test.example.com: Testing deactivation
ERROR 2025-08-28 02:44:12,378 log 21175 8544526528 Internal Server Error: /admin/login/
Traceback (most recent call last):
  File "/Users/georgeminyillah/AllProjects/group-one-license-service/license_service/venv/lib/python3.11/site-packages/django/core/handlers/exception.py", line 55, in inner
    response = get_response(request)
               ^^^^^^^^^^^^^^^^^^^^^
  File "/Users/georgeminyillah/AllProjects/group-one-license-service/license_service/venv/lib/python3.11/site-packages/django/core/handlers/base.py", line 197, in _get_response
    response = wrapped_callback(request, *callback_args, **callback_kwargs)
               ^^^^^^^^^^^^^^^^^^^^^^^^^^^^^^^^^^^^^^^^^^^^^^^^^^^^^^^^^^^^
  File "/Users/georgeminyillah/AllProjects/group-one-license-service/license_service/venv/lib/python3.11/site-packages/django/utils/decorators.py", line 48, in _wrapper
    return bound_method(*args, **kwargs)
           ^^^^^^^^^^^^^^^^^^^^^^^^^^^^^
  File "/Users/georgeminyillah/AllProjects/group-one-license-service/license_service/venv/lib/python3.11/site-packages/django/views/decorators/cache.py", line 80, in _view_wrapper
    response = view_func(request, *args, **kwargs)
               ^^^^^^^^^^^^^^^^^^^^^^^^^^^^^^^^^^^
  File "/Users/georgeminyillah/AllProjects/group-one-license-service/license_service/venv/lib/python3.11/site-packages/django/contrib/admin/sites.py", line 444, in login
    return LoginView.as_view(**defaults)(request)
           ^^^^^^^^^^^^^^^^^^^^^^^^^^^^^^^^^^^^^^
  File "/Users/georgeminyillah/AllProjects/group-one-license-service/license_service/venv/lib/python3.11/site-packages/django/views/generic/base.py", line 104, in view
    return self.dispatch(request, *args, **kwargs)
           ^^^^^^^^^^^^^^^^^^^^^^^^^^^^^^^^^^^^^^^
  File "/Users/georgeminyillah/AllProjects/group-one-license-service/license_service/venv/lib/python3.11/site-packages/django/utils/decorators.py", line 48, in _wrapper
    return bound_method(*args, **kwargs)
           ^^^^^^^^^^^^^^^^^^^^^^^^^^^^^
  File "/Users/georgeminyillah/AllProjects/group-one-license-service/license_service/venv/lib/python3.11/site-packages/django/utils/decorators.py", line 48, in _wrapper
    return bound_method(*args, **kwargs)
           ^^^^^^^^^^^^^^^^^^^^^^^^^^^^^
  File "/Users/georgeminyillah/AllProjects/group-one-license-service/license_service/venv/lib/python3.11/site-packages/django/views/decorators/debug.py", line 143, in sensitive_post_parameters_wrapper
    return view(request, *args, **kwargs)
           ^^^^^^^^^^^^^^^^^^^^^^^^^^^^^^
  File "/Users/georgeminyillah/AllProjects/group-one-license-service/license_service/venv/lib/python3.11/site-packages/django/utils/decorators.py", line 48, in _wrapper
    return bound_method(*args, **kwargs)
           ^^^^^^^^^^^^^^^^^^^^^^^^^^^^^
  File "/Users/georgeminyillah/AllProjects/group-one-license-service/license_service/venv/lib/python3.11/site-packages/django/utils/decorators.py", line 188, in _view_wrapper
    result = _process_exception(request, e)
             ^^^^^^^^^^^^^^^^^^^^^^^^^^^^^^
  File "/Users/georgeminyillah/AllProjects/group-one-license-service/license_service/venv/lib/python3.11/site-packages/django/utils/decorators.py", line 186, in _view_wrapper
    response = view_func(request, *args, **kwargs)
               ^^^^^^^^^^^^^^^^^^^^^^^^^^^^^^^^^^^
  File "/Users/georgeminyillah/AllProjects/group-one-license-service/license_service/venv/lib/python3.11/site-packages/django/utils/decorators.py", line 48, in _wrapper
    return bound_method(*args, **kwargs)
           ^^^^^^^^^^^^^^^^^^^^^^^^^^^^^
  File "/Users/georgeminyillah/AllProjects/group-one-license-service/license_service/venv/lib/python3.11/site-packages/django/views/decorators/cache.py", line 80, in _view_wrapper
    response = view_func(request, *args, **kwargs)
               ^^^^^^^^^^^^^^^^^^^^^^^^^^^^^^^^^^^
  File "/Users/georgeminyillah/AllProjects/group-one-license-service/license_service/venv/lib/python3.11/site-packages/django/contrib/auth/views.py", line 89, in dispatch
    return super().dispatch(request, *args, **kwargs)
           ^^^^^^^^^^^^^^^^^^^^^^^^^^^^^^^^^^^^^^^^^^
  File "/Users/georgeminyillah/AllProjects/group-one-license-service/license_service/venv/lib/python3.11/site-packages/django/views/generic/base.py", line 143, in dispatch
    return handler(request, *args, **kwargs)
           ^^^^^^^^^^^^^^^^^^^^^^^^^^^^^^^^^
  File "/Users/georgeminyillah/AllProjects/group-one-license-service/license_service/venv/lib/python3.11/site-packages/django/views/generic/edit.py", line 150, in post
    if form.is_valid():
       ^^^^^^^^^^^^^^^
  File "/Users/georgeminyillah/AllProjects/group-one-license-service/license_service/venv/lib/python3.11/site-packages/django/forms/forms.py", line 197, in is_valid
    return self.is_bound and not self.errors
                                 ^^^^^^^^^^^
  File "/Users/georgeminyillah/AllProjects/group-one-license-service/license_service/venv/lib/python3.11/site-packages/django/forms/forms.py", line 192, in errors
    self.full_clean()
  File "/Users/georgeminyillah/AllProjects/group-one-license-service/license_service/venv/lib/python3.11/site-packages/django/forms/forms.py", line 326, in full_clean
    self._clean_form()
  File "/Users/georgeminyillah/AllProjects/group-one-license-service/license_service/venv/lib/python3.11/site-packages/django/forms/forms.py", line 342, in _clean_form
    cleaned_data = self.clean()
                   ^^^^^^^^^^^^
  File "/Users/georgeminyillah/AllProjects/group-one-license-service/license_service/venv/lib/python3.11/site-packages/django/contrib/auth/forms.py", line 356, in clean
    self.user_cache = authenticate(
                      ^^^^^^^^^^^^^
  File "/Users/georgeminyillah/AllProjects/group-one-license-service/license_service/venv/lib/python3.11/site-packages/django/views/decorators/debug.py", line 75, in sensitive_variables_wrapper
    return func(*func_args, **func_kwargs)
           ^^^^^^^^^^^^^^^^^^^^^^^^^^^^^^^
  File "/Users/georgeminyillah/AllProjects/group-one-license-service/license_service/venv/lib/python3.11/site-packages/django/contrib/auth/__init__.py", line 79, in authenticate
    user = backend.authenticate(request, **credentials)
           ^^^^^^^^^^^^^^^^^^^^^^^^^^^^^^^^^^^^^^^^^^^^
  File "/Users/georgeminyillah/AllProjects/group-one-license-service/license_service/venv/lib/python3.11/site-packages/django/contrib/auth/backends.py", line 42, in authenticate
    user = UserModel._default_manager.get_by_natural_key(username)
           ^^^^^^^^^^^^^^^^^^^^^^^^^^^^^^^^^^^^^^^^^^^^^^^^^^^^^^^
  File "/Users/georgeminyillah/AllProjects/group-one-license-service/license_service/venv/lib/python3.11/site-packages/django/contrib/auth/base_user.py", line 37, in get_by_natural_key
    return self.get(**{self.model.USERNAME_FIELD: username})
           ^^^^^^^^^^^^^^^^^^^^^^^^^^^^^^^^^^^^^^^^^^^^^^^^^
  File "/Users/georgeminyillah/AllProjects/group-one-license-service/license_service/venv/lib/python3.11/site-packages/django/db/models/manager.py", line 87, in manager_method
    return getattr(self.get_queryset(), name)(*args, **kwargs)
           ^^^^^^^^^^^^^^^^^^^^^^^^^^^^^^^^^^^^^^^^^^^^^^^^^^^
  File "/Users/georgeminyillah/AllProjects/group-one-license-service/license_service/venv/lib/python3.11/site-packages/django/db/models/query.py", line 645, in get
    num = len(clone)
          ^^^^^^^^^^
  File "/Users/georgeminyillah/AllProjects/group-one-license-service/license_service/venv/lib/python3.11/site-packages/django/db/models/query.py", line 382, in __len__
    self._fetch_all()
  File "/Users/georgeminyillah/AllProjects/group-one-license-service/license_service/venv/lib/python3.11/site-packages/django/db/models/query.py", line 1928, in _fetch_all
    self._result_cache = list(self._iterable_class(self))
                         ^^^^^^^^^^^^^^^^^^^^^^^^^^^^^^^^
  File "/Users/georgeminyillah/AllProjects/group-one-license-service/license_service/venv/lib/python3.11/site-packages/django/db/models/query.py", line 91, in __iter__
    results = compiler.execute_sql(
              ^^^^^^^^^^^^^^^^^^^^^
  File "/Users/georgeminyillah/AllProjects/group-one-license-service/license_service/venv/lib/python3.11/site-packages/django/db/models/sql/compiler.py", line 1572, in execute_sql
    cursor = self.connection.cursor()
             ^^^^^^^^^^^^^^^^^^^^^^^^
  File "/Users/georgeminyillah/AllProjects/group-one-license-service/license_service/venv/lib/python3.11/site-packages/django/utils/asyncio.py", line 26, in inner
    return func(*args, **kwargs)
           ^^^^^^^^^^^^^^^^^^^^^
  File "/Users/georgeminyillah/AllProjects/group-one-license-service/license_service/venv/lib/python3.11/site-packages/django/db/backends/base/base.py", line 320, in cursor
    return self._cursor()
           ^^^^^^^^^^^^^^
  File "/Users/georgeminyillah/AllProjects/group-one-license-service/license_service/venv/lib/python3.11/site-packages/django/db/backends/base/base.py", line 296, in _cursor
    self.ensure_connection()
  File "/Users/georgeminyillah/AllProjects/group-one-license-service/license_service/venv/lib/python3.11/site-packages/pytest_django/plugin.py", line 798, in _blocking_wrapper
    raise RuntimeError(
RuntimeError: Database access not allowed, use the "django_db" mark, or the "db" or "transactional_db" fixtures to enable it.
WARNING 2025-08-28 02:53:04,302 log 28487 8544526528 Forbidden: /api/brands/
INFO 2025-08-28 02:53:05,806 models 28487 8544526528 License 4 renewed until 2026-12-31 00:00:00+00:00 (renewal #1)
INFO 2025-08-28 02:53:05,806 views 28487 8544526528 License 4 renewed by user testadmin until 2026-12-31 00:00:00+00:00
INFO 2025-08-28 02:53:05,945 models 28487 8544526528 License 5 suspended: Testing suspension
INFO 2025-08-28 02:53:05,945 views 28487 8544526528 License 5 suspended by user testadmin: Testing suspension
INFO 2025-08-28 02:53:06,086 models 28487 8544526528 License 6 suspended: Testing
INFO 2025-08-28 02:53:06,086 views 28487 8544526528 License 6 suspended by user testadmin: Testing
INFO 2025-08-28 02:53:06,091 models 28487 8544526528 License 6 resumed
INFO 2025-08-28 02:53:06,091 views 28487 8544526528 License 6 resumed by user testadmin
INFO 2025-08-28 02:53:06,229 models 28487 8544526528 License 7 cancelled: Testing cancellation
INFO 2025-08-28 02:53:06,229 views 28487 8544526528 License 7 cancelled by user testadmin: Testing cancellation
INFO 2025-08-28 02:53:06,368 models 28487 8544526528 License 8 cancelled: Testing
INFO 2025-08-28 02:53:06,368 views 28487 8544526528 License 8 cancelled by user testadmin: Testing
WARNING 2025-08-28 02:53:06,372 log 28487 8544526528 Bad Request: /api/licenses/8/renew/
INFO 2025-08-28 02:53:06,922 models 28487 8544526528 Activation 4 deactivated for instance https://test.example.com: Testing deactivation
INFO 2025-08-28 02:53:06,922 views 28487 8544526528 Activation 4 deactivated by user testadmin for instance https://test.example.com
INFO 2025-08-28 02:53:07,061 models 28487 8544526528 Activation 5 deactivated for instance https://test0.example.com: Testing bulk deactivation
INFO 2025-08-28 02:53:07,061 views 28487 8544526528 Activation 5 bulk deactivated by user testadmin
INFO 2025-08-28 02:53:07,062 models 28487 8544526528 Activation 6 deactivated for instance https://test1.example.com: Testing bulk deactivation
INFO 2025-08-28 02:53:07,062 views 28487 8544526528 Activation 6 bulk deactivated by user testadmin
INFO 2025-08-28 02:53:07,063 models 28487 8544526528 Activation 7 deactivated for instance https://test2.example.com: Testing bulk deactivation
INFO 2025-08-28 02:53:07,063 views 28487 8544526528 Activation 7 bulk deactivated by user testadmin
INFO 2025-08-28 02:53:07,200 models 28487 8544526528 Activation 8 deactivated for instance https://test.example.com: Testing
INFO 2025-08-28 02:53:07,200 views 28487 8544526528 Activation 8 deactivated by user testadmin for instance https://test.example.com
INFO 2025-08-28 02:53:07,474 views 28487 8544526528 License 16 activated for instance https://service.example.com by license key TEST-LICENSE-KEY-12345
INFO 2025-08-28 02:53:07,756 models 28487 8544526528 License 28 suspended: Testing suspension
WARNING 2025-08-28 02:53:08,296 log 28487 8544526528 Bad Request: /api/brands/
WARNING 2025-08-28 02:53:08,426 log 28487 8544526528 Not Found: /api/brands/99999/
WARNING 2025-08-28 02:53:08,560 log 28487 8544526528 Not Found: /api/brands/invalid-endpoint/
WARNING 2025-08-28 02:53:08,562 log 28487 8544526528 Forbidden: /api/brands/
INFO 2025-08-28 02:53:08,736 models 28487 8544526528 License 38 renewed until 2026-09-27 02:53:08.736017+00:00 (renewal #1)
INFO 2025-08-28 02:53:08,738 models 28487 8544526528 License 39 suspended: Testing suspension
INFO 2025-08-28 02:53:08,741 models 28487 8544526528 License 40 suspended: Testing suspension
INFO 2025-08-28 02:53:08,741 models 28487 8544526528 License 40 resumed
INFO 2025-08-28 02:53:08,744 models 28487 8544526528 License 41 cancelled: Testing cancellation
INFO 2025-08-28 02:53:08,746 models 28487 8544526528 License 42 cancelled: Testing cancellation
INFO 2025-08-28 02:53:08,754 models 28487 8544526528 Activation 65 deactivated for instance https://test.example.com: Testing deactivation
INFO 2025-08-28 02:53:08,757 models 28487 8544526528 Activation 66 deactivated for instance https://test.example.com: Testing deactivation
ERROR 2025-08-28 02:53:09,088 log 28487 8544526528 Internal Server Error: /admin/login/
Traceback (most recent call last):
  File "/Users/georgeminyillah/AllProjects/group-one-license-service/license_service/venv/lib/python3.11/site-packages/django/core/handlers/exception.py", line 55, in inner
    response = get_response(request)
               ^^^^^^^^^^^^^^^^^^^^^
  File "/Users/georgeminyillah/AllProjects/group-one-license-service/license_service/venv/lib/python3.11/site-packages/django/core/handlers/base.py", line 197, in _get_response
    response = wrapped_callback(request, *callback_args, **callback_kwargs)
               ^^^^^^^^^^^^^^^^^^^^^^^^^^^^^^^^^^^^^^^^^^^^^^^^^^^^^^^^^^^^
  File "/Users/georgeminyillah/AllProjects/group-one-license-service/license_service/venv/lib/python3.11/site-packages/django/utils/decorators.py", line 48, in _wrapper
    return bound_method(*args, **kwargs)
           ^^^^^^^^^^^^^^^^^^^^^^^^^^^^^
  File "/Users/georgeminyillah/AllProjects/group-one-license-service/license_service/venv/lib/python3.11/site-packages/django/views/decorators/cache.py", line 80, in _view_wrapper
    response = view_func(request, *args, **kwargs)
               ^^^^^^^^^^^^^^^^^^^^^^^^^^^^^^^^^^^
  File "/Users/georgeminyillah/AllProjects/group-one-license-service/license_service/venv/lib/python3.11/site-packages/django/contrib/admin/sites.py", line 444, in login
    return LoginView.as_view(**defaults)(request)
           ^^^^^^^^^^^^^^^^^^^^^^^^^^^^^^^^^^^^^^
  File "/Users/georgeminyillah/AllProjects/group-one-license-service/license_service/venv/lib/python3.11/site-packages/django/views/generic/base.py", line 104, in view
    return self.dispatch(request, *args, **kwargs)
           ^^^^^^^^^^^^^^^^^^^^^^^^^^^^^^^^^^^^^^^
  File "/Users/georgeminyillah/AllProjects/group-one-license-service/license_service/venv/lib/python3.11/site-packages/django/utils/decorators.py", line 48, in _wrapper
    return bound_method(*args, **kwargs)
           ^^^^^^^^^^^^^^^^^^^^^^^^^^^^^
  File "/Users/georgeminyillah/AllProjects/group-one-license-service/license_service/venv/lib/python3.11/site-packages/django/utils/decorators.py", line 48, in _wrapper
    return bound_method(*args, **kwargs)
           ^^^^^^^^^^^^^^^^^^^^^^^^^^^^^
  File "/Users/georgeminyillah/AllProjects/group-one-license-service/license_service/venv/lib/python3.11/site-packages/django/views/decorators/debug.py", line 143, in sensitive_post_parameters_wrapper
    return view(request, *args, **kwargs)
           ^^^^^^^^^^^^^^^^^^^^^^^^^^^^^^
  File "/Users/georgeminyillah/AllProjects/group-one-license-service/license_service/venv/lib/python3.11/site-packages/django/utils/decorators.py", line 48, in _wrapper
    return bound_method(*args, **kwargs)
           ^^^^^^^^^^^^^^^^^^^^^^^^^^^^^
  File "/Users/georgeminyillah/AllProjects/group-one-license-service/license_service/venv/lib/python3.11/site-packages/django/utils/decorators.py", line 188, in _view_wrapper
    result = _process_exception(request, e)
             ^^^^^^^^^^^^^^^^^^^^^^^^^^^^^^
  File "/Users/georgeminyillah/AllProjects/group-one-license-service/license_service/venv/lib/python3.11/site-packages/django/utils/decorators.py", line 186, in _view_wrapper
    response = view_func(request, *args, **kwargs)
               ^^^^^^^^^^^^^^^^^^^^^^^^^^^^^^^^^^^
  File "/Users/georgeminyillah/AllProjects/group-one-license-service/license_service/venv/lib/python3.11/site-packages/django/utils/decorators.py", line 48, in _wrapper
    return bound_method(*args, **kwargs)
           ^^^^^^^^^^^^^^^^^^^^^^^^^^^^^
  File "/Users/georgeminyillah/AllProjects/group-one-license-service/license_service/venv/lib/python3.11/site-packages/django/views/decorators/cache.py", line 80, in _view_wrapper
    response = view_func(request, *args, **kwargs)
               ^^^^^^^^^^^^^^^^^^^^^^^^^^^^^^^^^^^
  File "/Users/georgeminyillah/AllProjects/group-one-license-service/license_service/venv/lib/python3.11/site-packages/django/contrib/auth/views.py", line 89, in dispatch
    return super().dispatch(request, *args, **kwargs)
           ^^^^^^^^^^^^^^^^^^^^^^^^^^^^^^^^^^^^^^^^^^
  File "/Users/georgeminyillah/AllProjects/group-one-license-service/license_service/venv/lib/python3.11/site-packages/django/views/generic/base.py", line 143, in dispatch
    return handler(request, *args, **kwargs)
           ^^^^^^^^^^^^^^^^^^^^^^^^^^^^^^^^^
  File "/Users/georgeminyillah/AllProjects/group-one-license-service/license_service/venv/lib/python3.11/site-packages/django/views/generic/edit.py", line 150, in post
    if form.is_valid():
       ^^^^^^^^^^^^^^^
  File "/Users/georgeminyillah/AllProjects/group-one-license-service/license_service/venv/lib/python3.11/site-packages/django/forms/forms.py", line 197, in is_valid
    return self.is_bound and not self.errors
                                 ^^^^^^^^^^^
  File "/Users/georgeminyillah/AllProjects/group-one-license-service/license_service/venv/lib/python3.11/site-packages/django/forms/forms.py", line 192, in errors
    self.full_clean()
  File "/Users/georgeminyillah/AllProjects/group-one-license-service/license_service/venv/lib/python3.11/site-packages/django/forms/forms.py", line 326, in full_clean
    self._clean_form()
  File "/Users/georgeminyillah/AllProjects/group-one-license-service/license_service/venv/lib/python3.11/site-packages/django/forms/forms.py", line 342, in _clean_form
    cleaned_data = self.clean()
                   ^^^^^^^^^^^^
  File "/Users/georgeminyillah/AllProjects/group-one-license-service/license_service/venv/lib/python3.11/site-packages/django/contrib/auth/forms.py", line 356, in clean
    self.user_cache = authenticate(
                      ^^^^^^^^^^^^^
  File "/Users/georgeminyillah/AllProjects/group-one-license-service/license_service/venv/lib/python3.11/site-packages/django/views/decorators/debug.py", line 75, in sensitive_variables_wrapper
    return func(*func_args, **func_kwargs)
           ^^^^^^^^^^^^^^^^^^^^^^^^^^^^^^^
  File "/Users/georgeminyillah/AllProjects/group-one-license-service/license_service/venv/lib/python3.11/site-packages/django/contrib/auth/__init__.py", line 79, in authenticate
    user = backend.authenticate(request, **credentials)
           ^^^^^^^^^^^^^^^^^^^^^^^^^^^^^^^^^^^^^^^^^^^^
  File "/Users/georgeminyillah/AllProjects/group-one-license-service/license_service/venv/lib/python3.11/site-packages/django/contrib/auth/backends.py", line 42, in authenticate
    user = UserModel._default_manager.get_by_natural_key(username)
           ^^^^^^^^^^^^^^^^^^^^^^^^^^^^^^^^^^^^^^^^^^^^^^^^^^^^^^^
  File "/Users/georgeminyillah/AllProjects/group-one-license-service/license_service/venv/lib/python3.11/site-packages/django/contrib/auth/base_user.py", line 37, in get_by_natural_key
    return self.get(**{self.model.USERNAME_FIELD: username})
           ^^^^^^^^^^^^^^^^^^^^^^^^^^^^^^^^^^^^^^^^^^^^^^^^^
  File "/Users/georgeminyillah/AllProjects/group-one-license-service/license_service/venv/lib/python3.11/site-packages/django/db/models/manager.py", line 87, in manager_method
    return getattr(self.get_queryset(), name)(*args, **kwargs)
           ^^^^^^^^^^^^^^^^^^^^^^^^^^^^^^^^^^^^^^^^^^^^^^^^^^^
  File "/Users/georgeminyillah/AllProjects/group-one-license-service/license_service/venv/lib/python3.11/site-packages/django/db/models/query.py", line 645, in get
    num = len(clone)
          ^^^^^^^^^^
  File "/Users/georgeminyillah/AllProjects/group-one-license-service/license_service/venv/lib/python3.11/site-packages/django/db/models/query.py", line 382, in __len__
    self._fetch_all()
  File "/Users/georgeminyillah/AllProjects/group-one-license-service/license_service/venv/lib/python3.11/site-packages/django/db/models/query.py", line 1928, in _fetch_all
    self._result_cache = list(self._iterable_class(self))
                         ^^^^^^^^^^^^^^^^^^^^^^^^^^^^^^^^
  File "/Users/georgeminyillah/AllProjects/group-one-license-service/license_service/venv/lib/python3.11/site-packages/django/db/models/query.py", line 91, in __iter__
    results = compiler.execute_sql(
              ^^^^^^^^^^^^^^^^^^^^^
  File "/Users/georgeminyillah/AllProjects/group-one-license-service/license_service/venv/lib/python3.11/site-packages/django/db/models/sql/compiler.py", line 1572, in execute_sql
    cursor = self.connection.cursor()
             ^^^^^^^^^^^^^^^^^^^^^^^^
  File "/Users/georgeminyillah/AllProjects/group-one-license-service/license_service/venv/lib/python3.11/site-packages/django/utils/asyncio.py", line 26, in inner
    return func(*args, **kwargs)
           ^^^^^^^^^^^^^^^^^^^^^
  File "/Users/georgeminyillah/AllProjects/group-one-license-service/license_service/venv/lib/python3.11/site-packages/django/db/backends/base/base.py", line 320, in cursor
    return self._cursor()
           ^^^^^^^^^^^^^^
  File "/Users/georgeminyillah/AllProjects/group-one-license-service/license_service/venv/lib/python3.11/site-packages/django/db/backends/base/base.py", line 296, in _cursor
    self.ensure_connection()
  File "/Users/georgeminyillah/AllProjects/group-one-license-service/license_service/venv/lib/python3.11/site-packages/pytest_django/plugin.py", line 798, in _blocking_wrapper
    raise RuntimeError(
RuntimeError: Database access not allowed, use the "django_db" mark, or the "db" or "transactional_db" fixtures to enable it.
ERROR 2025-08-28 02:57:19,424 log 31574 8544526528 Internal Server Error: /admin/licenses/licensekey/add/
Traceback (most recent call last):
  File "/Users/georgeminyillah/AllProjects/group-one-license-service/license_service/venv/lib/python3.11/site-packages/django/core/handlers/exception.py", line 55, in inner
    response = get_response(request)
               ^^^^^^^^^^^^^^^^^^^^^
  File "/Users/georgeminyillah/AllProjects/group-one-license-service/license_service/venv/lib/python3.11/site-packages/django/core/handlers/base.py", line 197, in _get_response
    response = wrapped_callback(request, *callback_args, **callback_kwargs)
               ^^^^^^^^^^^^^^^^^^^^^^^^^^^^^^^^^^^^^^^^^^^^^^^^^^^^^^^^^^^^
  File "/Users/georgeminyillah/AllProjects/group-one-license-service/license_service/venv/lib/python3.11/site-packages/django/contrib/admin/options.py", line 718, in wrapper
    return self.admin_site.admin_view(view)(*args, **kwargs)
           ^^^^^^^^^^^^^^^^^^^^^^^^^^^^^^^^^^^^^^^^^^^^^^^^^
  File "/Users/georgeminyillah/AllProjects/group-one-license-service/license_service/venv/lib/python3.11/site-packages/django/utils/decorators.py", line 188, in _view_wrapper
    result = _process_exception(request, e)
             ^^^^^^^^^^^^^^^^^^^^^^^^^^^^^^
  File "/Users/georgeminyillah/AllProjects/group-one-license-service/license_service/venv/lib/python3.11/site-packages/django/utils/decorators.py", line 186, in _view_wrapper
    response = view_func(request, *args, **kwargs)
               ^^^^^^^^^^^^^^^^^^^^^^^^^^^^^^^^^^^
  File "/Users/georgeminyillah/AllProjects/group-one-license-service/license_service/venv/lib/python3.11/site-packages/django/views/decorators/cache.py", line 80, in _view_wrapper
    response = view_func(request, *args, **kwargs)
               ^^^^^^^^^^^^^^^^^^^^^^^^^^^^^^^^^^^
  File "/Users/georgeminyillah/AllProjects/group-one-license-service/license_service/venv/lib/python3.11/site-packages/django/contrib/admin/sites.py", line 241, in inner
    return view(request, *args, **kwargs)
           ^^^^^^^^^^^^^^^^^^^^^^^^^^^^^^
  File "/Users/georgeminyillah/AllProjects/group-one-license-service/license_service/venv/lib/python3.11/site-packages/django/contrib/admin/options.py", line 1961, in add_view
    return self.changeform_view(request, None, form_url, extra_context)
           ^^^^^^^^^^^^^^^^^^^^^^^^^^^^^^^^^^^^^^^^^^^^^^^^^^^^^^^^^^^^
  File "/Users/georgeminyillah/AllProjects/group-one-license-service/license_service/venv/lib/python3.11/site-packages/django/utils/decorators.py", line 48, in _wrapper
    return bound_method(*args, **kwargs)
           ^^^^^^^^^^^^^^^^^^^^^^^^^^^^^
  File "/Users/georgeminyillah/AllProjects/group-one-license-service/license_service/venv/lib/python3.11/site-packages/django/utils/decorators.py", line 188, in _view_wrapper
    result = _process_exception(request, e)
             ^^^^^^^^^^^^^^^^^^^^^^^^^^^^^^
  File "/Users/georgeminyillah/AllProjects/group-one-license-service/license_service/venv/lib/python3.11/site-packages/django/utils/decorators.py", line 186, in _view_wrapper
    response = view_func(request, *args, **kwargs)
               ^^^^^^^^^^^^^^^^^^^^^^^^^^^^^^^^^^^
  File "/Users/georgeminyillah/AllProjects/group-one-license-service/license_service/venv/lib/python3.11/site-packages/django/contrib/admin/options.py", line 1820, in changeform_view
    return self._changeform_view(request, object_id, form_url, extra_context)
           ^^^^^^^^^^^^^^^^^^^^^^^^^^^^^^^^^^^^^^^^^^^^^^^^^^^^^^^^^^^^^^^^^^
  File "/Users/georgeminyillah/AllProjects/group-one-license-service/license_service/venv/lib/python3.11/site-packages/django/contrib/admin/options.py", line 1877, in _changeform_view
    self.log_addition(request, new_object, change_message)
  File "/Users/georgeminyillah/AllProjects/group-one-license-service/license_service/venv/lib/python3.11/site-packages/django/contrib/admin/options.py", line 952, in log_addition
    return LogEntry.objects.log_actions(
           ^^^^^^^^^^^^^^^^^^^^^^^^^^^^^
  File "/Users/georgeminyillah/AllProjects/group-one-license-service/license_service/venv/lib/python3.11/site-packages/django/contrib/admin/models.py", line 82, in log_actions
    log_entry_list = [
                     ^
  File "/Users/georgeminyillah/AllProjects/group-one-license-service/license_service/venv/lib/python3.11/site-packages/django/contrib/admin/models.py", line 89, in <listcomp>
    object_repr=str(obj)[:200],
                ^^^^^^^^
  File "/Users/georgeminyillah/AllProjects/group-one-license-service/license_service/licenses/models.py", line 138, in __str__
    return f"{self.key[:8]}... ({self.customer_email})"
              ~~~~~~~~^^^^
TypeError: 'UUID' object is not subscriptable
INFO 2025-08-28 02:57:39,222 autoreload 7240 8544526528 /Users/georgeminyillah/AllProjects/group-one-license-service/license_service/licenses/models.py changed, reloading.
INFO 2025-08-28 02:57:39,783 autoreload 31902 8544526528 Watching for file changes with StatReloader
INFO 2025-08-28 02:57:55,076 autoreload 31902 8544526528 /Users/georgeminyillah/AllProjects/group-one-license-service/license_service/licenses/admin.py changed, reloading.
INFO 2025-08-28 02:57:55,425 autoreload 32146 8544526528 Watching for file changes with StatReloader
INFO 2025-08-28 02:58:03,633 autoreload 32146 8544526528 /Users/georgeminyillah/AllProjects/group-one-license-service/license_service/licenses/admin.py changed, reloading.
INFO 2025-08-28 02:58:03,982 autoreload 32165 8544526528 Watching for file changes with StatReloader
INFO 2025-08-28 02:58:22,317 autoreload 32165 8544526528 /Users/georgeminyillah/AllProjects/group-one-license-service/license_service/licenses/admin.py changed, reloading.
INFO 2025-08-28 02:58:22,692 autoreload 32418 8544526528 Watching for file changes with StatReloader
INFO 2025-08-28 02:58:35,989 autoreload 32418 8544526528 /Users/georgeminyillah/AllProjects/group-one-license-service/license_service/licenses/admin.py changed, reloading.
INFO 2025-08-28 02:58:36,341 autoreload 32652 8544526528 Watching for file changes with StatReloader
INFO 2025-08-28 02:58:46,653 autoreload 32652 8544526528 /Users/georgeminyillah/AllProjects/group-one-license-service/license_service/licenses/admin.py changed, reloading.
INFO 2025-08-28 02:58:47,047 autoreload 32774 8544526528 Watching for file changes with StatReloader
INFO 2025-08-28 02:58:57,287 autoreload 32774 8544526528 /Users/georgeminyillah/AllProjects/group-one-license-service/license_service/licenses/admin.py changed, reloading.
INFO 2025-08-28 02:58:57,618 autoreload 32919 8544526528 Watching for file changes with StatReloader
INFO 2025-08-28 02:59:07,904 autoreload 32919 8544526528 /Users/georgeminyillah/AllProjects/group-one-license-service/license_service/licenses/admin.py changed, reloading.
INFO 2025-08-28 02:59:08,453 autoreload 33038 8544526528 Watching for file changes with StatReloader
INFO 2025-08-28 03:02:41,480 autoreload 33038 8544526528 /Users/georgeminyillah/AllProjects/group-one-license-service/license_service/licenses/admin.py changed, reloading.
INFO 2025-08-28 03:02:41,784 autoreload 36632 8544526528 Watching for file changes with StatReloader
INFO 2025-08-28 03:02:53,053 autoreload 36632 8544526528 /Users/georgeminyillah/AllProjects/group-one-license-service/license_service/licenses/admin.py changed, reloading.
INFO 2025-08-28 03:02:53,391 autoreload 36745 8544526528 Watching for file changes with StatReloader
INFO 2025-08-28 03:06:01,126 autoreload 36745 8544526528 /Users/georgeminyillah/AllProjects/group-one-license-service/license_service/licenses/admin.py changed, reloading.
INFO 2025-08-28 03:06:01,541 autoreload 40378 8544526528 Watching for file changes with StatReloader
WARNING 2025-08-28 03:06:30,860 log 40742 8544526528 Forbidden: /api/brands/
INFO 2025-08-28 03:06:32,331 models 40742 8544526528 License 23 renewed until 2026-12-31 00:00:00+00:00 (renewal #1)
INFO 2025-08-28 03:06:32,331 views 40742 8544526528 License 23 renewed by user testadmin until 2026-12-31 00:00:00+00:00
INFO 2025-08-28 03:06:32,468 models 40742 8544526528 License 24 suspended: Testing suspension
INFO 2025-08-28 03:06:32,468 views 40742 8544526528 License 24 suspended by user testadmin: Testing suspension
INFO 2025-08-28 03:06:32,604 models 40742 8544526528 License 25 suspended: Testing
INFO 2025-08-28 03:06:32,604 views 40742 8544526528 License 25 suspended by user testadmin: Testing
INFO 2025-08-28 03:06:32,609 models 40742 8544526528 License 25 resumed
INFO 2025-08-28 03:06:32,609 views 40742 8544526528 License 25 resumed by user testadmin
INFO 2025-08-28 03:06:32,746 models 40742 8544526528 License 26 cancelled: Testing cancellation
INFO 2025-08-28 03:06:32,746 views 40742 8544526528 License 26 cancelled by user testadmin: Testing cancellation
INFO 2025-08-28 03:06:32,884 models 40742 8544526528 License 27 cancelled: Testing
INFO 2025-08-28 03:06:32,884 views 40742 8544526528 License 27 cancelled by user testadmin: Testing
WARNING 2025-08-28 03:06:32,888 log 40742 8544526528 Bad Request: /api/licenses/27/renew/
INFO 2025-08-28 03:06:33,434 models 40742 8544526528 Activation 13 deactivated for instance https://test.example.com: Testing deactivation
INFO 2025-08-28 03:06:33,434 views 40742 8544526528 Activation 13 deactivated by user testadmin for instance https://test.example.com
INFO 2025-08-28 03:06:33,572 models 40742 8544526528 Activation 14 deactivated for instance https://test0.example.com: Testing bulk deactivation
INFO 2025-08-28 03:06:33,572 views 40742 8544526528 Activation 14 bulk deactivated by user testadmin
INFO 2025-08-28 03:06:33,574 models 40742 8544526528 Activation 15 deactivated for instance https://test1.example.com: Testing bulk deactivation
INFO 2025-08-28 03:06:33,574 views 40742 8544526528 Activation 15 bulk deactivated by user testadmin
INFO 2025-08-28 03:06:33,575 models 40742 8544526528 Activation 16 deactivated for instance https://test2.example.com: Testing bulk deactivation
INFO 2025-08-28 03:06:33,575 views 40742 8544526528 Activation 16 bulk deactivated by user testadmin
INFO 2025-08-28 03:06:33,711 models 40742 8544526528 Activation 17 deactivated for instance https://test.example.com: Testing
INFO 2025-08-28 03:06:33,711 views 40742 8544526528 Activation 17 deactivated by user testadmin for instance https://test.example.com
INFO 2025-08-28 03:06:33,983 views 40742 8544526528 License 35 activated for instance https://service.example.com by license key TEST-LICENSE-KEY-12345
INFO 2025-08-28 03:06:34,264 models 40742 8544526528 License 47 suspended: Testing suspension
WARNING 2025-08-28 03:06:34,804 log 40742 8544526528 Bad Request: /api/brands/
WARNING 2025-08-28 03:06:34,936 log 40742 8544526528 Not Found: /api/brands/99999/
WARNING 2025-08-28 03:06:35,069 log 40742 8544526528 Not Found: /api/brands/invalid-endpoint/
WARNING 2025-08-28 03:06:35,071 log 40742 8544526528 Forbidden: /api/brands/
INFO 2025-08-28 03:06:35,271 models 40742 8544526528 License 57 renewed until 2026-09-27 03:06:35.270918+00:00 (renewal #1)
INFO 2025-08-28 03:06:35,273 models 40742 8544526528 License 58 suspended: Testing suspension
INFO 2025-08-28 03:06:35,276 models 40742 8544526528 License 59 suspended: Testing suspension
INFO 2025-08-28 03:06:35,276 models 40742 8544526528 License 59 resumed
INFO 2025-08-28 03:06:35,279 models 40742 8544526528 License 60 cancelled: Testing cancellation
INFO 2025-08-28 03:06:35,282 models 40742 8544526528 License 61 cancelled: Testing cancellation
INFO 2025-08-28 03:06:35,291 models 40742 8544526528 Activation 74 deactivated for instance https://test.example.com: Testing deactivation
INFO 2025-08-28 03:06:35,294 models 40742 8544526528 Activation 75 deactivated for instance https://test.example.com: Testing deactivation
INFO 2025-08-28 03:06:52,391 autoreload 40378 8544526528 /Users/georgeminyillah/AllProjects/group-one-license-service/license_service/licenses/models.py changed, reloading.
INFO 2025-08-28 03:06:52,754 autoreload 41190 8544526528 Watching for file changes with StatReloader
INFO 2025-08-28 03:06:57,958 autoreload 41190 8544526528 /Users/georgeminyillah/AllProjects/group-one-license-service/license_service/licenses/models.py changed, reloading.
INFO 2025-08-28 03:06:58,529 autoreload 41201 8544526528 Watching for file changes with StatReloader
